{"/Users/suhaib/conductor/workspaces/monii/sacramento/backend/src/app.controller.ts": {"path":"/Users/suhaib/conductor/workspaces/monii/sacramento/backend/src/app.controller.ts","statementMap":{"0":{"start":{"line":1,"column":0},"end":{"line":1,"column":49}},"1":{"start":{"line":4,"column":7},"end":{"line":13,"column":null}},"2":{"start":{"line":7,"column":4},"end":{"line":11,"column":6}},"3":{"start":{"line":4,"column":13},"end":{"line":4,"column":26}},"4":{"start":{"line":6,"column":2},"end":{"line":12,"column":null}},"5":{"start":{"line":4,"column":13},"end":{"line":13,"column":null}}},"fnMap":{"0":{"name":"(anonymous_2)","decl":{"start":{"line":6,"column":2},"end":{"line":6,"column":8}},"loc":{"start":{"line":6,"column":8},"end":{"line":12,"column":3}}}},"branchMap":{},"s":{"0":0,"1":0,"2":0,"3":0,"4":0,"5":0},"f":{"0":0},"b":{}}
,"/Users/suhaib/conductor/workspaces/monii/sacramento/backend/src/app.module.ts": {"path":"/Users/suhaib/conductor/workspaces/monii/sacramento/backend/src/app.module.ts","statementMap":{"0":{"start":{"line":1,"column":0},"end":{"line":1,"column":40}},"1":{"start":{"line":2,"column":0},"end":{"line":2,"column":46}},"2":{"start":{"line":3,"column":0},"end":{"line":3,"column":51}},"3":{"start":{"line":4,"column":0},"end":{"line":4,"column":49}},"4":{"start":{"line":5,"column":0},"end":{"line":5,"column":54}},"5":{"start":{"line":6,"column":0},"end":{"line":6,"column":51}},"6":{"start":{"line":7,"column":0},"end":{"line":7,"column":48}},"7":{"start":{"line":8,"column":0},"end":{"line":8,"column":60}},"8":{"start":{"line":9,"column":0},"end":{"line":9,"column":57}},"9":{"start":{"line":10,"column":0},"end":{"line":10,"column":54}},"10":{"start":{"line":11,"column":0},"end":{"line":11,"column":45}},"11":{"start":{"line":12,"column":0},"end":{"line":12,"column":63}},"12":{"start":{"line":13,"column":0},"end":{"line":13,"column":63}},"13":{"start":{"line":14,"column":0},"end":{"line":14,"column":57}},"14":{"start":{"line":15,"column":0},"end":{"line":15,"column":60}},"15":{"start":{"line":16,"column":0},"end":{"line":16,"column":54}},"16":{"start":{"line":17,"column":0},"end":{"line":17,"column":51}},"17":{"start":{"line":18,"column":0},"end":{"line":18,"column":54}},"18":{"start":{"line":40,"column":7},"end":{"line":40,"column":null}},"19":{"start":{"line":40,"column":13},"end":{"line":40,"column":22}},"20":{"start":{"line":40,"column":13},"end":{"line":40,"column":null}}},"fnMap":{},"branchMap":{},"s":{"0":0,"1":0,"2":0,"3":0,"4":0,"5":0,"6":0,"7":0,"8":0,"9":0,"10":0,"11":0,"12":0,"13":0,"14":0,"15":0,"16":0,"17":0,"18":0,"19":0,"20":0},"f":{},"b":{}}
,"/Users/suhaib/conductor/workspaces/monii/sacramento/backend/src/main.ts": {"path":"/Users/suhaib/conductor/workspaces/monii/sacramento/backend/src/main.ts","statementMap":{"0":{"start":{"line":1,"column":0},"end":{"line":1,"column":26}},"1":{"start":{"line":2,"column":0},"end":{"line":2,"column":48}},"2":{"start":{"line":3,"column":0},"end":{"line":3,"column":47}},"3":{"start":{"line":4,"column":0},"end":{"line":4,"column":43}},"4":{"start":{"line":5,"column":0},"end":{"line":5,"column":41}},"5":{"start":{"line":8,"column":14},"end":{"line":8,"column":49}},"6":{"start":{"line":9,"column":2},"end":{"line":9,"column":79}},"7":{"start":{"line":10,"column":2},"end":{"line":10,"column":19}},"8":{"start":{"line":11,"column":15},"end":{"line":11,"column":65}},"9":{"start":{"line":12,"column":2},"end":{"line":12,"column":25}},"10":{"start":{"line":14,"column":2},"end":{"line":14,"column":53}},"11":{"start":{"line":17,"column":0},"end":{"line":17,"column":17}}},"fnMap":{"0":{"name":"bootstrap","decl":{"start":{"line":7,"column":15},"end":{"line":7,"column":24}},"loc":{"start":{"line":7,"column":24},"end":{"line":15,"column":1}}}},"branchMap":{"0":{"loc":{"start":{"line":11,"column":15},"end":{"line":11,"column":65}},"type":"binary-expr","locations":[{"start":{"line":11,"column":15},"end":{"line":11,"column":57}},{"start":{"line":11,"column":61},"end":{"line":11,"column":65}}]}},"s":{"0":0,"1":0,"2":0,"3":0,"4":0,"5":0,"6":0,"7":0,"8":0,"9":0,"10":0,"11":0},"f":{"0":0},"b":{"0":[0,0]}}
,"/Users/suhaib/conductor/workspaces/monii/sacramento/backend/src/alerts/alerts.controller.ts": {"path":"/Users/suhaib/conductor/workspaces/monii/sacramento/backend/src/alerts/alerts.controller.ts","statementMap":{"0":{"start":{"line":1,"column":0},"end":{"line":1,"column":null}},"1":{"start":{"line":12,"column":0},"end":{"line":12,"column":78}},"2":{"start":{"line":13,"column":0},"end":{"line":13,"column":74}},"3":{"start":{"line":14,"column":0},"end":{"line":14,"column":69}},"4":{"start":{"line":15,"column":0},"end":{"line":15,"column":63}},"5":{"start":{"line":17,"column":0},"end":{"line":17,"column":49}},"6":{"start":{"line":18,"column":0},"end":{"line":18,"column":62}},"7":{"start":{"line":21,"column":7},"end":{"line":46,"column":null}},"8":{"start":{"line":22,"column":31},"end":{"line":22,"column":39}},"9":{"start":{"line":27,"column":4},"end":{"line":27,"column":71}},"10":{"start":{"line":34,"column":4},"end":{"line":34,"column":51}},"11":{"start":{"line":44,"column":4},"end":{"line":44,"column":77}},"12":{"start":{"line":21,"column":13},"end":{"line":21,"column":29}},"13":{"start":{"line":26,"column":2},"end":{"line":28,"column":null}},"14":{"start":{"line":33,"column":2},"end":{"line":35,"column":null}},"15":{"start":{"line":40,"column":2},"end":{"line":45,"column":null}},"16":{"start":{"line":21,"column":13},"end":{"line":46,"column":null}}},"fnMap":{"0":{"name":"(anonymous_4)","decl":{"start":{"line":22,"column":2},"end":{"line":22,"column":31}},"loc":{"start":{"line":22,"column":52},"end":{"line":22,"column":56}}},"1":{"name":"(anonymous_5)","decl":{"start":{"line":26,"column":2},"end":{"line":26,"column":6}},"loc":{"start":{"line":26,"column":70},"end":{"line":28,"column":3}}},"2":{"name":"(anonymous_6)","decl":{"start":{"line":33,"column":2},"end":{"line":33,"column":6}},"loc":{"start":{"line":33,"column":61},"end":{"line":35,"column":3}}},"3":{"name":"(anonymous_7)","decl":{"start":{"line":40,"column":2},"end":{"line":40,"column":16}},"loc":{"start":{"line":42,"column":34},"end":{"line":45,"column":3}}}},"branchMap":{},"s":{"0":0,"1":0,"2":0,"3":0,"4":0,"5":0,"6":0,"7":0,"8":0,"9":0,"10":0,"11":0,"12":0,"13":0,"14":0,"15":0,"16":0},"f":{"0":0,"1":0,"2":0,"3":0},"b":{}}
,"/Users/suhaib/conductor/workspaces/monii/sacramento/backend/src/alerts/alerts.module.ts": {"path":"/Users/suhaib/conductor/workspaces/monii/sacramento/backend/src/alerts/alerts.module.ts","statementMap":{"0":{"start":{"line":1,"column":0},"end":{"line":1,"column":48}},"1":{"start":{"line":2,"column":0},"end":{"line":2,"column":55}},"2":{"start":{"line":3,"column":0},"end":{"line":3,"column":49}},"3":{"start":{"line":12,"column":7},"end":{"line":12,"column":null}},"4":{"start":{"line":12,"column":13},"end":{"line":12,"column":25}},"5":{"start":{"line":12,"column":13},"end":{"line":12,"column":null}}},"fnMap":{},"branchMap":{},"s":{"0":0,"1":0,"2":0,"3":0,"4":0,"5":0},"f":{},"b":{}}
,"/Users/suhaib/conductor/workspaces/monii/sacramento/backend/src/alerts/alerts.service.ts": {"path":"/Users/suhaib/conductor/workspaces/monii/sacramento/backend/src/alerts/alerts.service.ts","statementMap":{"0":{"start":{"line":1,"column":0},"end":{"line":1,"column":63}},"1":{"start":{"line":3,"column":0},"end":{"line":3,"column":54}},"2":{"start":{"line":4,"column":0},"end":{"line":4,"column":48}},"3":{"start":{"line":5,"column":0},"end":{"line":5,"column":57}},"4":{"start":{"line":18,"column":7},"end":{"line":98,"column":null}},"5":{"start":{"line":20,"column":21},"end":{"line":20,"column":29}},"6":{"start":{"line":21,"column":21},"end":{"line":21,"column":26}},"7":{"start":{"line":22,"column":21},"end":{"line":22,"column":28}},"8":{"start":{"line":27,"column":18},"end":{"line":36,"column":6}},"9":{"start":{"line":37,"column":4},"end":{"line":37,"column":52}},"10":{"start":{"line":38,"column":4},"end":{"line":38,"column":17}},"11":{"start":{"line":42,"column":4},"end":{"line":46,"column":7}},"12":{"start":{"line":50,"column":18},"end":{"line":50,"column":80}},"13":{"start":{"line":51,"column":4},"end":{"line":51,"column":63}},"14":{"start":{"line":51,"column":16},"end":{"line":51,"column":63}},"15":{"start":{"line":52,"column":4},"end":{"line":55,"column":7}},"16":{"start":{"line":64,"column":18},"end":{"line":71,"column":6}},"17":{"start":{"line":72,"column":4},"end":{"line":77,"column":7}},"18":{"start":{"line":78,"column":4},"end":{"line":78,"column":17}},"19":{"start":{"line":82,"column":18},"end":{"line":85,"column":6}},"20":{"start":{"line":86,"column":4},"end":{"line":96,"column":6}},"21":{"start":{"line":88,"column":8},"end":{"line":94,"column":34}},"22":{"start":{"line":18,"column":13},"end":{"line":18,"column":26}},"23":{"start":{"line":18,"column":13},"end":{"line":98,"column":null}}},"fnMap":{"0":{"name":"(anonymous_2)","decl":{"start":{"line":19,"column":2},"end":{"line":19,"column":null}},"loc":{"start":{"line":22,"column":40},"end":{"line":23,"column":6}}},"1":{"name":"(anonymous_3)","decl":{"start":{"line":26,"column":2},"end":{"line":26,"column":7}},"loc":{"start":{"line":26,"column":38},"end":{"line":39,"column":3}}},"2":{"name":"(anonymous_4)","decl":{"start":{"line":41,"column":2},"end":{"line":41,"column":15}},"loc":{"start":{"line":41,"column":52},"end":{"line":47,"column":3}}},"3":{"name":"(anonymous_5)","decl":{"start":{"line":49,"column":2},"end":{"line":49,"column":7}},"loc":{"start":{"line":49,"column":45},"end":{"line":56,"column":3}}},"4":{"name":"(anonymous_6)","decl":{"start":{"line":59,"column":2},"end":{"line":59,"column":7}},"loc":{"start":{"line":62,"column":26},"end":{"line":79,"column":3}}},"5":{"name":"(anonymous_7)","decl":{"start":{"line":81,"column":10},"end":{"line":81,"column":15}},"loc":{"start":{"line":81,"column":60},"end":{"line":97,"column":3}}},"6":{"name":"(anonymous_8)","decl":{"start":{"line":87,"column":16},"end":{"line":87,"column":17}},"loc":{"start":{"line":88,"column":8},"end":{"line":94,"column":34}}}},"branchMap":{"0":{"loc":{"start":{"line":30,"column":18},"end":{"line":30,"column":40}},"type":"binary-expr","locations":[{"start":{"line":30,"column":18},"end":{"line":30,"column":32}},{"start":{"line":30,"column":36},"end":{"line":30,"column":40}}]},"1":{"loc":{"start":{"line":41,"column":34},"end":{"line":41,"column":52}},"type":"default-arg","locations":[{"start":{"line":41,"column":47},"end":{"line":41,"column":52}}]},"2":{"loc":{"start":{"line":43,"column":29},"end":{"line":43,"column":63}},"type":"cond-expr","locations":[{"start":{"line":43,"column":42},"end":{"line":43,"column":58}},{"start":{"line":43,"column":61},"end":{"line":43,"column":63}}]},"3":{"loc":{"start":{"line":51,"column":4},"end":{"line":51,"column":63}},"type":"if","locations":[{"start":{"line":51,"column":4},"end":{"line":51,"column":63}}]},"4":{"loc":{"start":{"line":69,"column":12},"end":{"line":69,"column":84}},"type":"binary-expr","locations":[{"start":{"line":69,"column":12},"end":{"line":69,"column":22}},{"start":{"line":69,"column":26},"end":{"line":69,"column":40}},{"start":{"line":69,"column":44},"end":{"line":69,"column":84}}]},"5":{"loc":{"start":{"line":88,"column":8},"end":{"line":94,"column":34}},"type":"cond-expr","locations":[{"start":{"line":89,"column":12},"end":{"line":92,"column":null}},{"start":{"line":94,"column":12},"end":{"line":94,"column":34}}]}},"s":{"0":3,"1":3,"2":3,"3":3,"4":3,"5":3,"6":3,"7":3,"8":2,"9":2,"10":2,"11":0,"12":1,"13":1,"14":1,"15":0,"16":1,"17":1,"18":1,"19":2,"20":2,"21":2,"22":3,"23":3},"f":{"0":3,"1":2,"2":0,"3":1,"4":1,"5":2,"6":2},"b":{"0":[2,1],"1":[0],"2":[0,0],"3":[1],"4":[1,1,0],"5":[2,0]}}
,"/Users/suhaib/conductor/workspaces/monii/sacramento/backend/src/alerts/dto/request-unblock.dto.ts": {"path":"/Users/suhaib/conductor/workspaces/monii/sacramento/backend/src/alerts/dto/request-unblock.dto.ts","statementMap":{"0":{"start":{"line":1,"column":0},"end":{"line":1,"column":55}},"1":{"start":{"line":3,"column":0},"end":{"line":3,"column":13}},"2":{"start":{"line":6,"column":2},"end":{"line":6,"column":null}},"3":{"start":{"line":10,"column":2},"end":{"line":10,"column":null}}},"fnMap":{},"branchMap":{},"s":{"0":0,"1":0,"2":0,"3":0},"f":{},"b":{}}
,"/Users/suhaib/conductor/workspaces/monii/sacramento/backend/src/audit/audit.module.ts": {"path":"/Users/suhaib/conductor/workspaces/monii/sacramento/backend/src/audit/audit.module.ts","statementMap":{"0":{"start":{"line":1,"column":0},"end":{"line":1,"column":48}},"1":{"start":{"line":2,"column":0},"end":{"line":2,"column":47}},"2":{"start":{"line":9,"column":7},"end":{"line":9,"column":null}},"3":{"start":{"line":9,"column":13},"end":{"line":9,"column":24}},"4":{"start":{"line":9,"column":13},"end":{"line":9,"column":null}}},"fnMap":{},"branchMap":{},"s":{"0":0,"1":0,"2":0,"3":0,"4":0},"f":{},"b":{}}
,"/Users/suhaib/conductor/workspaces/monii/sacramento/backend/src/audit/audit.service.ts": {"path":"/Users/suhaib/conductor/workspaces/monii/sacramento/backend/src/audit/audit.service.ts","statementMap":{"0":{"start":{"line":1,"column":0},"end":{"line":1,"column":44}},"1":{"start":{"line":3,"column":0},"end":{"line":3,"column":57}},"2":{"start":{"line":14,"column":7},"end":{"line":27,"column":null}},"3":{"start":{"line":15,"column":31},"end":{"line":15,"column":39}},"4":{"start":{"line":18,"column":4},"end":{"line":25,"column":7}},"5":{"start":{"line":14,"column":13},"end":{"line":14,"column":25}},"6":{"start":{"line":14,"column":13},"end":{"line":27,"column":null}}},"fnMap":{"0":{"name":"(anonymous_2)","decl":{"start":{"line":15,"column":2},"end":{"line":15,"column":31}},"loc":{"start":{"line":15,"column":52},"end":{"line":15,"column":56}}},"1":{"name":"(anonymous_3)","decl":{"start":{"line":17,"column":2},"end":{"line":17,"column":7}},"loc":{"start":{"line":17,"column":29},"end":{"line":26,"column":3}}}},"branchMap":{"0":{"loc":{"start":{"line":20,"column":18},"end":{"line":20,"column":40}},"type":"binary-expr","locations":[{"start":{"line":20,"column":18},"end":{"line":20,"column":32}},{"start":{"line":20,"column":36},"end":{"line":20,"column":40}}]}},"s":{"0":9,"1":9,"2":9,"3":0,"4":0,"5":9,"6":9},"f":{"0":0,"1":0},"b":{"0":[0,0]}}
,"/Users/suhaib/conductor/workspaces/monii/sacramento/backend/src/auth/auth.controller.ts": {"path":"/Users/suhaib/conductor/workspaces/monii/sacramento/backend/src/auth/auth.controller.ts","statementMap":{"0":{"start":{"line":1,"column":0},"end":{"line":1,"column":null}},"1":{"start":{"line":10,"column":0},"end":{"line":10,"column":74}},"2":{"start":{"line":11,"column":0},"end":{"line":11,"column":63}},"3":{"start":{"line":13,"column":0},"end":{"line":13,"column":45}},"4":{"start":{"line":14,"column":0},"end":{"line":14,"column":50}},"5":{"start":{"line":15,"column":0},"end":{"line":15,"column":43}},"6":{"start":{"line":16,"column":0},"end":{"line":16,"column":47}},"7":{"start":{"line":17,"column":0},"end":{"line":17,"column":49}},"8":{"start":{"line":20,"column":7},"end":{"line":56,"column":null}},"9":{"start":{"line":21,"column":31},"end":{"line":21,"column":37}},"10":{"start":{"line":25,"column":4},"end":{"line":25,"column":35}},"11":{"start":{"line":31,"column":4},"end":{"line":31,"column":32}},"12":{"start":{"line":37,"column":4},"end":{"line":37,"column":34}},"13":{"start":{"line":44,"column":4},"end":{"line":44,"column":40}},"14":{"start":{"line":54,"column":4},"end":{"line":54,"column":59}},"15":{"start":{"line":20,"column":13},"end":{"line":20,"column":27}},"16":{"start":{"line":24,"column":2},"end":{"line":26,"column":null}},"17":{"start":{"line":30,"column":2},"end":{"line":32,"column":null}},"18":{"start":{"line":36,"column":2},"end":{"line":38,"column":null}},"19":{"start":{"line":43,"column":8},"end":{"line":45,"column":null}},"20":{"start":{"line":50,"column":8},"end":{"line":55,"column":null}},"21":{"start":{"line":20,"column":13},"end":{"line":56,"column":null}}},"fnMap":{"0":{"name":"(anonymous_4)","decl":{"start":{"line":21,"column":2},"end":{"line":21,"column":31}},"loc":{"start":{"line":21,"column":48},"end":{"line":21,"column":52}}},"1":{"name":"(anonymous_5)","decl":{"start":{"line":24,"column":2},"end":{"line":24,"column":10}},"loc":{"start":{"line":24,"column":35},"end":{"line":26,"column":3}}},"2":{"name":"(anonymous_6)","decl":{"start":{"line":30,"column":2},"end":{"line":30,"column":7}},"loc":{"start":{"line":30,"column":29},"end":{"line":32,"column":3}}},"3":{"name":"(anonymous_7)","decl":{"start":{"line":36,"column":2},"end":{"line":36,"column":9}},"loc":{"start":{"line":36,"column":33},"end":{"line":38,"column":3}}},"4":{"name":"(anonymous_8)","decl":{"start":{"line":43,"column":2},"end":{"line":43,"column":7}},"loc":{"start":{"line":43,"column":44},"end":{"line":45,"column":3}}},"5":{"name":"(anonymous_9)","decl":{"start":{"line":50,"column":2},"end":{"line":50,"column":7}},"loc":{"start":{"line":52,"column":28},"end":{"line":55,"column":3}}}},"branchMap":{},"s":{"0":0,"1":0,"2":0,"3":0,"4":0,"5":0,"6":0,"7":0,"8":0,"9":0,"10":0,"11":0,"12":0,"13":0,"14":0,"15":0,"16":0,"17":0,"18":0,"19":0,"20":0,"21":0},"f":{"0":0,"1":0,"2":0,"3":0,"4":0,"5":0},"b":{}}
,"/Users/suhaib/conductor/workspaces/monii/sacramento/backend/src/auth/auth.module.ts": {"path":"/Users/suhaib/conductor/workspaces/monii/sacramento/backend/src/auth/auth.module.ts","statementMap":{"0":{"start":{"line":1,"column":0},"end":{"line":1,"column":48}},"1":{"start":{"line":2,"column":0},"end":{"line":2,"column":40}},"2":{"start":{"line":3,"column":0},"end":{"line":3,"column":63}},"3":{"start":{"line":4,"column":0},"end":{"line":4,"column":69}},"4":{"start":{"line":5,"column":0},"end":{"line":5,"column":51}},"5":{"start":{"line":6,"column":0},"end":{"line":6,"column":45}},"6":{"start":{"line":7,"column":0},"end":{"line":7,"column":47}},"7":{"start":{"line":20,"column":7},"end":{"line":20,"column":null}},"8":{"start":{"line":20,"column":13},"end":{"line":20,"column":23}},"9":{"start":{"line":20,"column":13},"end":{"line":20,"column":null}}},"fnMap":{},"branchMap":{},"s":{"0":0,"1":0,"2":0,"3":0,"4":0,"5":0,"6":0,"7":0,"8":0,"9":0},"f":{},"b":{}}
,"/Users/suhaib/conductor/workspaces/monii/sacramento/backend/src/auth/auth.service.ts": {"path":"/Users/suhaib/conductor/workspaces/monii/sacramento/backend/src/auth/auth.service.ts","statementMap":{"0":{"start":{"line":1,"column":0},"end":{"line":1,"column":null}},"1":{"start":{"line":6,"column":0},"end":{"line":6,"column":33}},"2":{"start":{"line":7,"column":0},"end":{"line":7,"column":57}},"3":{"start":{"line":8,"column":0},"end":{"line":8,"column":56}},"4":{"start":{"line":9,"column":0},"end":{"line":9,"column":47}},"5":{"start":{"line":14,"column":22},"end":{"line":14,"column":24}},"6":{"start":{"line":23,"column":7},"end":{"line":122,"column":null}},"7":{"start":{"line":25,"column":21},"end":{"line":25,"column":29}},"8":{"start":{"line":26,"column":21},"end":{"line":26,"column":29}},"9":{"start":{"line":30,"column":21},"end":{"line":32,"column":6}},"10":{"start":{"line":33,"column":4},"end":{"line":33,"column":74}},"11":{"start":{"line":33,"column":18},"end":{"line":33,"column":74}},"12":{"start":{"line":35,"column":25},"end":{"line":35,"column":71}},"13":{"start":{"line":36,"column":17},"end":{"line":42,"column":6}},"14":{"start":{"line":43,"column":4},"end":{"line":43,"column":28}},"15":{"start":{"line":47,"column":17},"end":{"line":49,"column":6}},"16":{"start":{"line":50,"column":4},"end":{"line":50,"column":70}},"17":{"start":{"line":50,"column":15},"end":{"line":50,"column":70}},"18":{"start":{"line":52,"column":15},"end":{"line":52,"column":68}},"19":{"start":{"line":53,"column":4},"end":{"line":53,"column":68}},"20":{"start":{"line":53,"column":13},"end":{"line":53,"column":68}},"21":{"start":{"line":55,"column":4},"end":{"line":55,"column":28}},"22":{"start":{"line":60,"column":4},"end":{"line":64,"column":5}},"23":{"start":{"line":61,"column":6},"end":{"line":61,"column":59}},"24":{"start":{"line":63,"column":6},"end":{"line":63,"column":63}},"25":{"start":{"line":65,"column":4},"end":{"line":67,"column":5}},"26":{"start":{"line":66,"column":6},"end":{"line":66,"column":58}},"27":{"start":{"line":69,"column":17},"end":{"line":69,"column":82}},"28":{"start":{"line":70,"column":4},"end":{"line":72,"column":5}},"29":{"start":{"line":71,"column":6},"end":{"line":71,"column":63}},"30":{"start":{"line":73,"column":4},"end":{"line":75,"column":5}},"31":{"start":{"line":74,"column":6},"end":{"line":74,"column":64}},"32":{"start":{"line":76,"column":4},"end":{"line":76,"column":28}},"33":{"start":{"line":80,"column":4},"end":{"line":83,"column":7}},"34":{"start":{"line":88,"column":4},"end":{"line":91,"column":7}},"35":{"start":{"line":101,"column":24},"end":{"line":104,"column":null}},"36":{"start":{"line":106,"column":25},"end":{"line":106,"column":78}},"37":{"start":{"line":107,"column":4},"end":{"line":110,"column":7}},"38":{"start":{"line":111,"column":4},"end":{"line":120,"column":6}},"39":{"start":{"line":23,"column":13},"end":{"line":23,"column":24}},"40":{"start":{"line":23,"column":13},"end":{"line":122,"column":null}}},"fnMap":{"0":{"name":"(anonymous_11)","decl":{"start":{"line":24,"column":2},"end":{"line":24,"column":null}},"loc":{"start":{"line":26,"column":41},"end":{"line":27,"column":6}}},"1":{"name":"(anonymous_12)","decl":{"start":{"line":29,"column":2},"end":{"line":29,"column":7}},"loc":{"start":{"line":29,"column":33},"end":{"line":44,"column":3}}},"2":{"name":"(anonymous_13)","decl":{"start":{"line":46,"column":2},"end":{"line":46,"column":7}},"loc":{"start":{"line":46,"column":27},"end":{"line":56,"column":3}}},"3":{"name":"(anonymous_14)","decl":{"start":{"line":58,"column":2},"end":{"line":58,"column":7}},"loc":{"start":{"line":58,"column":31},"end":{"line":77,"column":3}}},"4":{"name":"(anonymous_15)","decl":{"start":{"line":79,"column":2},"end":{"line":79,"column":7}},"loc":{"start":{"line":79,"column":29},"end":{"line":84,"column":3}}},"5":{"name":"(anonymous_16)","decl":{"start":{"line":87,"column":2},"end":{"line":87,"column":7}},"loc":{"start":{"line":87,"column":52},"end":{"line":92,"column":3}}},"6":{"name":"(anonymous_17)","decl":{"start":{"line":95,"column":10},"end":{"line":95,"column":15}},"loc":{"start":{"line":100,"column":3},"end":{"line":121,"column":3}}}},"branchMap":{"0":{"loc":{"start":{"line":33,"column":4},"end":{"line":33,"column":74}},"type":"if","locations":[{"start":{"line":33,"column":4},"end":{"line":33,"column":74}}]},"1":{"loc":{"start":{"line":40,"column":34},"end":{"line":40,"column":75}},"type":"binary-expr","locations":[{"start":{"line":40,"column":34},"end":{"line":40,"column":48}},{"start":{"line":40,"column":52},"end":{"line":40,"column":75}}]},"2":{"loc":{"start":{"line":50,"column":4},"end":{"line":50,"column":70}},"type":"if","locations":[{"start":{"line":50,"column":4},"end":{"line":50,"column":70}}]},"3":{"loc":{"start":{"line":53,"column":4},"end":{"line":53,"column":68}},"type":"if","locations":[{"start":{"line":53,"column":4},"end":{"line":53,"column":68}}]},"4":{"loc":{"start":{"line":65,"column":4},"end":{"line":67,"column":5}},"type":"if","locations":[{"start":{"line":65,"column":4},"end":{"line":67,"column":5}}]},"5":{"loc":{"start":{"line":70,"column":4},"end":{"line":72,"column":5}},"type":"if","locations":[{"start":{"line":70,"column":4},"end":{"line":72,"column":5}}]},"6":{"loc":{"start":{"line":70,"column":8},"end":{"line":70,"column":39}},"type":"binary-expr","locations":[{"start":{"line":70,"column":8},"end":{"line":70,"column":13}},{"start":{"line":70,"column":17},"end":{"line":70,"column":39}}]},"7":{"loc":{"start":{"line":73,"column":4},"end":{"line":75,"column":5}},"type":"if","locations":[{"start":{"line":73,"column":4},"end":{"line":75,"column":5}}]}},"s":{"0":1,"1":1,"2":1,"3":1,"4":1,"5":1,"6":1,"7":11,"8":11,"9":2,"10":2,"11":1,"12":1,"13":1,"14":1,"15":3,"16":3,"17":1,"18":2,"19":2,"20":1,"21":1,"22":5,"23":5,"24":1,"25":4,"26":1,"27":3,"28":3,"29":1,"30":2,"31":1,"32":1,"33":1,"34":0,"35":3,"36":3,"37":3,"38":3,"39":1,"40":1},"f":{"0":11,"1":2,"2":3,"3":5,"4":1,"5":0,"6":3},"b":{"0":[1],"1":[1,1],"2":[1],"3":[1],"4":[1],"5":[1],"6":[3,3],"7":[1]}}
,"/Users/suhaib/conductor/workspaces/monii/sacramento/backend/src/auth/token.service.ts": {"path":"/Users/suhaib/conductor/workspaces/monii/sacramento/backend/src/auth/token.service.ts","statementMap":{"0":{"start":{"line":1,"column":0},"end":{"line":1,"column":44}},"1":{"start":{"line":2,"column":0},"end":{"line":2,"column":47}},"2":{"start":{"line":3,"column":0},"end":{"line":3,"column":41}},"3":{"start":{"line":7,"column":7},"end":{"line":47,"column":null}},"4":{"start":{"line":14,"column":21},"end":{"line":14,"column":26}},"5":{"start":{"line":17,"column":4},"end":{"line":17,"column":77}},"6":{"start":{"line":18,"column":4},"end":{"line":18,"column":64}},"7":{"start":{"line":19,"column":4},"end":{"line":19,"column":70}},"8":{"start":{"line":20,"column":4},"end":{"line":20,"column":69}},"9":{"start":{"line":24,"column":4},"end":{"line":27,"column":6}},"10":{"start":{"line":31,"column":4},"end":{"line":34,"column":6}},"11":{"start":{"line":38,"column":4},"end":{"line":41,"column":6}},"12":{"start":{"line":45,"column":4},"end":{"line":45,"column":76}},"13":{"start":{"line":7,"column":13},"end":{"line":7,"column":25}},"14":{"start":{"line":7,"column":13},"end":{"line":47,"column":null}}},"fnMap":{"0":{"name":"(anonymous_2)","decl":{"start":{"line":13,"column":2},"end":{"line":13,"column":null}},"loc":{"start":{"line":15,"column":25},"end":{"line":21,"column":3}}},"1":{"name":"(anonymous_3)","decl":{"start":{"line":23,"column":2},"end":{"line":23,"column":12}},"loc":{"start":{"line":23,"column":59},"end":{"line":28,"column":3}}},"2":{"name":"(anonymous_4)","decl":{"start":{"line":30,"column":2},"end":{"line":30,"column":13}},"loc":{"start":{"line":30,"column":46},"end":{"line":35,"column":3}}},"3":{"name":"(anonymous_5)","decl":{"start":{"line":37,"column":2},"end":{"line":37,"column":12}},"loc":{"start":{"line":37,"column":47},"end":{"line":42,"column":3}}},"4":{"name":"(anonymous_6)","decl":{"start":{"line":44,"column":2},"end":{"line":44,"column":8}},"loc":{"start":{"line":44,"column":22},"end":{"line":46,"column":3}}}},"branchMap":{"0":{"loc":{"start":{"line":17,"column":18},"end":{"line":17,"column":76}},"type":"binary-expr","locations":[{"start":{"line":17,"column":18},"end":{"line":17,"column":50}},{"start":{"line":17,"column":54},"end":{"line":17,"column":76}}]},"1":{"loc":{"start":{"line":18,"column":21},"end":{"line":18,"column":63}},"type":"binary-expr","locations":[{"start":{"line":18,"column":21},"end":{"line":18,"column":56}},{"start":{"line":18,"column":60},"end":{"line":18,"column":63}}]},"2":{"loc":{"start":{"line":19,"column":22},"end":{"line":19,"column":69}},"type":"binary-expr","locations":[{"start":{"line":19,"column":22},"end":{"line":19,"column":58}},{"start":{"line":19,"column":62},"end":{"line":19,"column":69}}]},"3":{"loc":{"start":{"line":20,"column":21},"end":{"line":20,"column":68}},"type":"binary-expr","locations":[{"start":{"line":20,"column":21},"end":{"line":20,"column":56}},{"start":{"line":20,"column":60},"end":{"line":20,"column":68}}]}},"s":{"0":12,"1":12,"2":12,"3":12,"4":4,"5":4,"6":4,"7":4,"8":4,"9":2,"10":1,"11":1,"12":4,"13":12,"14":12},"f":{"0":4,"1":2,"2":1,"3":1,"4":4},"b":{"0":[4,0],"1":[4,0],"2":[4,0],"3":[4,0]}}
,"/Users/suhaib/conductor/workspaces/monii/sacramento/backend/src/auth/dto/fcm-token.dto.ts": {"path":"/Users/suhaib/conductor/workspaces/monii/sacramento/backend/src/auth/dto/fcm-token.dto.ts","statementMap":{"0":{"start":{"line":1,"column":0},"end":{"line":1,"column":55}},"1":{"start":{"line":3,"column":0},"end":{"line":3,"column":13}},"2":{"start":{"line":6,"column":2},"end":{"line":6,"column":null}}},"fnMap":{},"branchMap":{},"s":{"0":0,"1":0,"2":0},"f":{},"b":{}}
,"/Users/suhaib/conductor/workspaces/monii/sacramento/backend/src/auth/dto/login.dto.ts": {"path":"/Users/suhaib/conductor/workspaces/monii/sacramento/backend/src/auth/dto/login.dto.ts","statementMap":{"0":{"start":{"line":1,"column":0},"end":{"line":1,"column":52}},"1":{"start":{"line":3,"column":0},"end":{"line":3,"column":13}},"2":{"start":{"line":5,"column":2},"end":{"line":5,"column":null}},"3":{"start":{"line":8,"column":2},"end":{"line":8,"column":null}}},"fnMap":{},"branchMap":{},"s":{"0":0,"1":0,"2":0,"3":0},"f":{},"b":{}}
,"/Users/suhaib/conductor/workspaces/monii/sacramento/backend/src/auth/dto/refresh.dto.ts": {"path":"/Users/suhaib/conductor/workspaces/monii/sacramento/backend/src/auth/dto/refresh.dto.ts","statementMap":{"0":{"start":{"line":1,"column":0},"end":{"line":1,"column":55}},"1":{"start":{"line":3,"column":0},"end":{"line":3,"column":13}},"2":{"start":{"line":6,"column":2},"end":{"line":6,"column":null}}},"fnMap":{},"branchMap":{},"s":{"0":0,"1":0,"2":0},"f":{},"b":{}}
,"/Users/suhaib/conductor/workspaces/monii/sacramento/backend/src/auth/dto/register.dto.ts": {"path":"/Users/suhaib/conductor/workspaces/monii/sacramento/backend/src/auth/dto/register.dto.ts","statementMap":{"0":{"start":{"line":1,"column":0},"end":{"line":1,"column":75}},"1":{"start":{"line":3,"column":0},"end":{"line":3,"column":13}},"2":{"start":{"line":5,"column":2},"end":{"line":5,"column":null}},"3":{"start":{"line":9,"column":2},"end":{"line":9,"column":null}},"4":{"start":{"line":13,"column":2},"end":{"line":13,"column":null}}},"fnMap":{},"branchMap":{},"s":{"0":0,"1":0,"2":0,"3":0,"4":0},"f":{},"b":{}}
,"/Users/suhaib/conductor/workspaces/monii/sacramento/backend/src/commands/commands.controller.ts": {"path":"/Users/suhaib/conductor/workspaces/monii/sacramento/backend/src/commands/commands.controller.ts","statementMap":{"0":{"start":{"line":1,"column":0},"end":{"line":1,"column":null}},"1":{"start":{"line":11,"column":0},"end":{"line":11,"column":78}},"2":{"start":{"line":12,"column":0},"end":{"line":12,"column":74}},"3":{"start":{"line":13,"column":0},"end":{"line":13,"column":69}},"4":{"start":{"line":14,"column":0},"end":{"line":14,"column":63}},"5":{"start":{"line":16,"column":0},"end":{"line":16,"column":53}},"6":{"start":{"line":17,"column":0},"end":{"line":17,"column":60}},"7":{"start":{"line":18,"column":0},"end":{"line":18,"column":60}},"8":{"start":{"line":21,"column":7},"end":{"line":75,"column":null}},"9":{"start":{"line":22,"column":31},"end":{"line":22,"column":41}},"10":{"start":{"line":33,"column":4},"end":{"line":33,"column":63}},"11":{"start":{"line":39,"column":4},"end":{"line":39,"column":70}},"12":{"start":{"line":47,"column":4},"end":{"line":47,"column":54}},"13":{"start":{"line":54,"column":4},"end":{"line":54,"column":50}},"14":{"start":{"line":65,"column":4},"end":{"line":65,"column":60}},"15":{"start":{"line":73,"column":4},"end":{"line":73,"column":57}},"16":{"start":{"line":21,"column":13},"end":{"line":21,"column":31}},"17":{"start":{"line":28,"column":2},"end":{"line":34,"column":null}},"18":{"start":{"line":38,"column":2},"end":{"line":40,"column":null}},"19":{"start":{"line":46,"column":2},"end":{"line":48,"column":null}},"20":{"start":{"line":53,"column":2},"end":{"line":55,"column":null}},"21":{"start":{"line":60,"column":2},"end":{"line":66,"column":null}},"22":{"start":{"line":72,"column":2},"end":{"line":74,"column":null}},"23":{"start":{"line":21,"column":13},"end":{"line":75,"column":null}}},"fnMap":{"0":{"name":"(anonymous_4)","decl":{"start":{"line":22,"column":2},"end":{"line":22,"column":31}},"loc":{"start":{"line":22,"column":56},"end":{"line":22,"column":60}}},"1":{"name":"(anonymous_5)","decl":{"start":{"line":28,"column":2},"end":{"line":28,"column":9}},"loc":{"start":{"line":31,"column":33},"end":{"line":34,"column":3}}},"2":{"name":"(anonymous_6)","decl":{"start":{"line":38,"column":2},"end":{"line":38,"column":6}},"loc":{"start":{"line":38,"column":73},"end":{"line":40,"column":3}}},"3":{"name":"(anonymous_7)","decl":{"start":{"line":46,"column":2},"end":{"line":46,"column":9}},"loc":{"start":{"line":46,"column":45},"end":{"line":48,"column":3}}},"4":{"name":"(anonymous_8)","decl":{"start":{"line":53,"column":2},"end":{"line":53,"column":5}},"loc":{"start":{"line":53,"column":66},"end":{"line":55,"column":3}}},"5":{"name":"(anonymous_9)","decl":{"start":{"line":60,"column":2},"end":{"line":60,"column":8}},"loc":{"start":{"line":63,"column":33},"end":{"line":66,"column":3}}},"6":{"name":"(anonymous_10)","decl":{"start":{"line":72,"column":2},"end":{"line":72,"column":5}},"loc":{"start":{"line":72,"column":60},"end":{"line":74,"column":3}}}},"branchMap":{},"s":{"0":0,"1":0,"2":0,"3":0,"4":0,"5":0,"6":0,"7":0,"8":0,"9":0,"10":0,"11":0,"12":0,"13":0,"14":0,"15":0,"16":0,"17":0,"18":0,"19":0,"20":0,"21":0,"22":0,"23":0},"f":{"0":0,"1":0,"2":0,"3":0,"4":0,"5":0,"6":0},"b":{}}
,"/Users/suhaib/conductor/workspaces/monii/sacramento/backend/src/commands/commands.module.ts": {"path":"/Users/suhaib/conductor/workspaces/monii/sacramento/backend/src/commands/commands.module.ts","statementMap":{"0":{"start":{"line":1,"column":0},"end":{"line":1,"column":40}},"1":{"start":{"line":2,"column":0},"end":{"line":2,"column":58}},"2":{"start":{"line":3,"column":0},"end":{"line":3,"column":59}},"3":{"start":{"line":4,"column":0},"end":{"line":4,"column":53}},"4":{"start":{"line":12,"column":7},"end":{"line":12,"column":null}},"5":{"start":{"line":12,"column":13},"end":{"line":12,"column":27}},"6":{"start":{"line":12,"column":13},"end":{"line":12,"column":null}}},"fnMap":{},"branchMap":{},"s":{"0":0,"1":0,"2":0,"3":0,"4":0,"5":0,"6":0},"f":{},"b":{}}
,"/Users/suhaib/conductor/workspaces/monii/sacramento/backend/src/commands/commands.service.ts": {"path":"/Users/suhaib/conductor/workspaces/monii/sacramento/backend/src/commands/commands.service.ts","statementMap":{"0":{"start":{"line":1,"column":0},"end":{"line":1,"column":63}},"1":{"start":{"line":2,"column":0},"end":{"line":2,"column":47}},"2":{"start":{"line":3,"column":0},"end":{"line":3,"column":62}},"3":{"start":{"line":4,"column":0},"end":{"line":4,"column":54}},"4":{"start":{"line":5,"column":0},"end":{"line":5,"column":50}},"5":{"start":{"line":6,"column":0},"end":{"line":6,"column":60}},"6":{"start":{"line":7,"column":0},"end":{"line":7,"column":48}},"7":{"start":{"line":8,"column":0},"end":{"line":8,"column":57}},"8":{"start":{"line":13,"column":48},"end":{"line":17,"column":2}},"9":{"start":{"line":26,"column":7},"end":{"line":164,"column":null}},"10":{"start":{"line":30,"column":21},"end":{"line":30,"column":29}},"11":{"start":{"line":31,"column":21},"end":{"line":31,"column":30}},"12":{"start":{"line":32,"column":21},"end":{"line":32,"column":26}},"13":{"start":{"line":33,"column":21},"end":{"line":33,"column":28}},"14":{"start":{"line":36,"column":4},"end":{"line":36,"column":70}},"15":{"start":{"line":44,"column":19},"end":{"line":44,"column":70}},"16":{"start":{"line":45,"column":27},"end":{"line":45,"column":62}},"17":{"start":{"line":47,"column":21},"end":{"line":49,"column":6}},"18":{"start":{"line":50,"column":4},"end":{"line":50,"column":34}},"19":{"start":{"line":50,"column":18},"end":{"line":50,"column":34}},"20":{"start":{"line":52,"column":20},"end":{"line":61,"column":6}},"21":{"start":{"line":63,"column":17},"end":{"line":69,"column":13}},"22":{"start":{"line":71,"column":20},"end":{"line":74,"column":6}},"23":{"start":{"line":75,"column":4},"end":{"line":80,"column":7}},"24":{"start":{"line":81,"column":4},"end":{"line":81,"column":19}},"25":{"start":{"line":88,"column":4},"end":{"line":88,"column":56}},"26":{"start":{"line":89,"column":4},"end":{"line":93,"column":7}},"27":{"start":{"line":97,"column":20},"end":{"line":99,"column":6}},"28":{"start":{"line":100,"column":4},"end":{"line":100,"column":67}},"29":{"start":{"line":100,"column":18},"end":{"line":100,"column":67}},"30":{"start":{"line":101,"column":4},"end":{"line":101,"column":19}},"31":{"start":{"line":106,"column":4},"end":{"line":106,"column":37}},"32":{"start":{"line":107,"column":4},"end":{"line":110,"column":7}},"33":{"start":{"line":114,"column":20},"end":{"line":114,"column":64}},"34":{"start":{"line":115,"column":4},"end":{"line":120,"column":5}},"35":{"start":{"line":116,"column":6},"end":{"line":119,"column":9}},"36":{"start":{"line":121,"column":4},"end":{"line":121,"column":19}},"37":{"start":{"line":129,"column":20},"end":{"line":129,"column":64}},"38":{"start":{"line":130,"column":4},"end":{"line":132,"column":5}},"39":{"start":{"line":131,"column":6},"end":{"line":131,"column":21}},"40":{"start":{"line":133,"column":4},"end":{"line":140,"column":7}},"41":{"start":{"line":144,"column":4},"end":{"line":151,"column":7}},"42":{"start":{"line":158,"column":20},"end":{"line":160,"column":6}},"43":{"start":{"line":161,"column":4},"end":{"line":161,"column":67}},"44":{"start":{"line":161,"column":18},"end":{"line":161,"column":67}},"45":{"start":{"line":162,"column":4},"end":{"line":162,"column":19}},"46":{"start":{"line":26,"column":13},"end":{"line":26,"column":28}},"47":{"start":{"line":26,"column":13},"end":{"line":164,"column":null}}},"fnMap":{"0":{"name":"(anonymous_2)","decl":{"start":{"line":29,"column":2},"end":{"line":29,"column":null}},"loc":{"start":{"line":34,"column":25},"end":{"line":37,"column":3}}},"1":{"name":"(anonymous_3)","decl":{"start":{"line":39,"column":2},"end":{"line":39,"column":7}},"loc":{"start":{"line":42,"column":25},"end":{"line":82,"column":3}}},"2":{"name":"(anonymous_4)","decl":{"start":{"line":84,"column":2},"end":{"line":84,"column":7}},"loc":{"start":{"line":86,"column":20},"end":{"line":94,"column":3}}},"3":{"name":"(anonymous_5)","decl":{"start":{"line":96,"column":2},"end":{"line":96,"column":7}},"loc":{"start":{"line":96,"column":56},"end":{"line":102,"column":3}}},"4":{"name":"(anonymous_6)","decl":{"start":{"line":105,"column":2},"end":{"line":105,"column":7}},"loc":{"start":{"line":105,"column":36},"end":{"line":111,"column":3}}},"5":{"name":"(anonymous_7)","decl":{"start":{"line":113,"column":2},"end":{"line":113,"column":7}},"loc":{"start":{"line":113,"column":47},"end":{"line":122,"column":3}}},"6":{"name":"(anonymous_8)","decl":{"start":{"line":124,"column":2},"end":{"line":124,"column":7}},"loc":{"start":{"line":127,"column":25},"end":{"line":141,"column":3}}},"7":{"name":"(anonymous_9)","decl":{"start":{"line":143,"column":10},"end":{"line":143,"column":15}},"loc":{"start":{"line":143,"column":44},"end":{"line":152,"column":3}}},"8":{"name":"(anonymous_10)","decl":{"start":{"line":154,"column":10},"end":{"line":154,"column":15}},"loc":{"start":{"line":156,"column":21},"end":{"line":163,"column":3}}}},"branchMap":{"0":{"loc":{"start":{"line":36,"column":22},"end":{"line":36,"column":69}},"type":"binary-expr","locations":[{"start":{"line":36,"column":22},"end":{"line":36,"column":62}},{"start":{"line":36,"column":66},"end":{"line":36,"column":69}}]},"1":{"loc":{"start":{"line":45,"column":27},"end":{"line":45,"column":62}},"type":"binary-expr","locations":[{"start":{"line":45,"column":27},"end":{"line":45,"column":45}},{"start":{"line":45,"column":49},"end":{"line":45,"column":62}}]},"2":{"loc":{"start":{"line":50,"column":4},"end":{"line":50,"column":34}},"type":"if","locations":[{"start":{"line":50,"column":4},"end":{"line":50,"column":34}}]},"3":{"loc":{"start":{"line":56,"column":18},"end":{"line":56,"column":42}},"type":"binary-expr","locations":[{"start":{"line":56,"column":18},"end":{"line":56,"column":29}},{"start":{"line":56,"column":33},"end":{"line":56,"column":42}}]},"4":{"loc":{"start":{"line":63,"column":17},"end":{"line":69,"column":13}},"type":"cond-expr","locations":[{"start":{"line":64,"column":8},"end":{"line":67,"column":null}},{"start":{"line":69,"column":8},"end":{"line":69,"column":13}}]},"5":{"loc":{"start":{"line":73,"column":21},"end":{"line":73,"column":45}},"type":"cond-expr","locations":[{"start":{"line":73,"column":28},"end":{"line":73,"column":34}},{"start":{"line":73,"column":37},"end":{"line":73,"column":45}}]},"6":{"loc":{"start":{"line":100,"column":4},"end":{"line":100,"column":67}},"type":"if","locations":[{"start":{"line":100,"column":4},"end":{"line":100,"column":67}}]},"7":{"loc":{"start":{"line":115,"column":4},"end":{"line":120,"column":5}},"type":"if","locations":[{"start":{"line":115,"column":4},"end":{"line":120,"column":5}}]},"8":{"loc":{"start":{"line":115,"column":8},"end":{"line":115,"column":62}},"type":"binary-expr","locations":[{"start":{"line":115,"column":8},"end":{"line":115,"column":34}},{"start":{"line":115,"column":38},"end":{"line":115,"column":62}}]},"9":{"loc":{"start":{"line":130,"column":4},"end":{"line":132,"column":5}},"type":"if","locations":[{"start":{"line":130,"column":4},"end":{"line":132,"column":5}}]},"10":{"loc":{"start":{"line":130,"column":8},"end":{"line":130,"column":62}},"type":"binary-expr","locations":[{"start":{"line":130,"column":8},"end":{"line":130,"column":32}},{"start":{"line":130,"column":36},"end":{"line":130,"column":62}}]},"11":{"loc":{"start":{"line":136,"column":15},"end":{"line":136,"column":44}},"type":"cond-expr","locations":[{"start":{"line":136,"column":27},"end":{"line":136,"column":35}},{"start":{"line":136,"column":38},"end":{"line":136,"column":44}}]},"12":{"loc":{"start":{"line":137,"column":17},"end":{"line":137,"column":40}},"type":"binary-expr","locations":[{"start":{"line":137,"column":17},"end":{"line":137,"column":27}},{"start":{"line":137,"column":31},"end":{"line":137,"column":40}}]},"13":{"loc":{"start":{"line":138,"column":15},"end":{"line":138,"column":32}},"type":"binary-expr","locations":[{"start":{"line":138,"column":15},"end":{"line":138,"column":24}},{"start":{"line":138,"column":28},"end":{"line":138,"column":32}}]},"14":{"loc":{"start":{"line":161,"column":4},"end":{"line":161,"column":67}},"type":"if","locations":[{"start":{"line":161,"column":4},"end":{"line":161,"column":67}}]}},"s":{"0":2,"1":2,"2":2,"3":2,"4":2,"5":2,"6":2,"7":2,"8":2,"9":2,"10":10,"11":10,"12":10,"13":10,"14":10,"15":3,"16":3,"17":3,"18":3,"19":1,"20":2,"21":2,"22":2,"23":2,"24":2,"25":0,"26":0,"27":1,"28":1,"29":1,"30":0,"31":1,"32":1,"33":3,"34":2,"35":1,"36":1,"37":2,"38":2,"39":0,"40":2,"41":1,"42":5,"43":5,"44":1,"45":4,"46":2,"47":2},"f":{"0":10,"1":3,"2":0,"3":1,"4":1,"5":3,"6":2,"7":1,"8":5},"b":{"0":[10,0],"1":[3,2],"2":[1],"3":[2,2],"4":[1,1],"5":[1,1],"6":[1],"7":[1],"8":[2,2],"9":[0],"10":[2,2],"11":[1,1],"12":[2,1],"13":[2,1],"14":[1]}}
,"/Users/suhaib/conductor/workspaces/monii/sacramento/backend/src/commands/dto/command-result.dto.ts": {"path":"/Users/suhaib/conductor/workspaces/monii/sacramento/backend/src/commands/dto/command-result.dto.ts","statementMap":{"0":{"start":{"line":1,"column":0},"end":{"line":1,"column":65}},"1":{"start":{"line":3,"column":0},"end":{"line":3,"column":13}},"2":{"start":{"line":6,"column":2},"end":{"line":6,"column":null}},"3":{"start":{"line":10,"column":2},"end":{"line":10,"column":null}}},"fnMap":{},"branchMap":{},"s":{"0":0,"1":0,"2":0,"3":0},"f":{},"b":{}}
,"/Users/suhaib/conductor/workspaces/monii/sacramento/backend/src/commands/dto/create-command.dto.ts": {"path":"/Users/suhaib/conductor/workspaces/monii/sacramento/backend/src/commands/dto/create-command.dto.ts","statementMap":{"0":{"start":{"line":1,"column":0},"end":{"line":1,"column":45}},"1":{"start":{"line":2,"column":0},"end":{"line":2,"column":73}},"2":{"start":{"line":4,"column":0},"end":{"line":4,"column":13}},"3":{"start":{"line":6,"column":2},"end":{"line":6,"column":null}},"4":{"start":{"line":10,"column":2},"end":{"line":10,"column":null}},"5":{"start":{"line":15,"column":2},"end":{"line":15,"column":null}}},"fnMap":{},"branchMap":{},"s":{"0":0,"1":0,"2":0,"3":0,"4":0,"5":0},"f":{},"b":{}}
,"/Users/suhaib/conductor/workspaces/monii/sacramento/backend/src/common/hash.util.ts": {"path":"/Users/suhaib/conductor/workspaces/monii/sacramento/backend/src/common/hash.util.ts","statementMap":{"0":{"start":{"line":5,"column":0},"end":{"line":5,"column":16}},"1":{"start":{"line":10,"column":0},"end":{"line":10,"column":16}},"2":{"start":{"line":17,"column":0},"end":{"line":17,"column":16}},"3":{"start":{"line":22,"column":0},"end":{"line":22,"column":16}},"4":{"start":{"line":1,"column":0},"end":{"line":1,"column":66}},"5":{"start":{"line":6,"column":2},"end":{"line":6,"column":58}},"6":{"start":{"line":11,"column":13},"end":{"line":11,"column":27}},"7":{"start":{"line":12,"column":13},"end":{"line":12,"column":27}},"8":{"start":{"line":13,"column":2},"end":{"line":13,"column":60}},"9":{"start":{"line":18,"column":2},"end":{"line":18,"column":50}},"10":{"start":{"line":23,"column":19},"end":{"line":23,"column":53}},"11":{"start":{"line":24,"column":15},"end":{"line":25,"column":91}},"12":{"start":{"line":25,"column":4},"end":{"line":25,"column":91}},"13":{"start":{"line":25,"column":36},"end":{"line":25,"column":81}},"14":{"start":{"line":26,"column":2},"end":{"line":26,"column":31}}},"fnMap":{"0":{"name":"sha256","decl":{"start":{"line":5,"column":16},"end":{"line":5,"column":22}},"loc":{"start":{"line":5,"column":36},"end":{"line":7,"column":1}}},"1":{"name":"safeEqual","decl":{"start":{"line":10,"column":16},"end":{"line":10,"column":25}},"loc":{"start":{"line":10,"column":46},"end":{"line":14,"column":1}}},"2":{"name":"randomToken","decl":{"start":{"line":17,"column":16},"end":{"line":17,"column":27}},"loc":{"start":{"line":17,"column":38},"end":{"line":19,"column":1}}},"3":{"name":"pairingCode","decl":{"start":{"line":22,"column":16},"end":{"line":22,"column":27}},"loc":{"start":{"line":22,"column":27},"end":{"line":27,"column":1}}},"4":{"name":"(anonymous_4)","decl":{"start":{"line":24,"column":15},"end":{"line":24,"column":18}},"loc":{"start":{"line":25,"column":4},"end":{"line":25,"column":91}}},"5":{"name":"(anonymous_5)","decl":{"start":{"line":25,"column":30},"end":{"line":25,"column":33}},"loc":{"start":{"line":25,"column":36},"end":{"line":25,"column":81}}}},"branchMap":{"0":{"loc":{"start":{"line":13,"column":9},"end":{"line":13,"column":59}},"type":"binary-expr","locations":[{"start":{"line":13,"column":9},"end":{"line":13,"column":32}},{"start":{"line":13,"column":36},"end":{"line":13,"column":59}}]},"1":{"loc":{"start":{"line":17,"column":28},"end":{"line":17,"column":38}},"type":"default-arg","locations":[{"start":{"line":17,"column":36},"end":{"line":17,"column":38}}]}},"s":{"0":10,"1":10,"2":10,"3":10,"4":10,"5":21,"6":7,"7":7,"8":7,"9":6,"10":51,"11":51,"12":102,"13":408,"14":51},"f":{"0":21,"1":7,"2":6,"3":51,"4":102,"5":408},"b":{"0":[7,6],"1":[6]}}
,"/Users/suhaib/conductor/workspaces/monii/sacramento/backend/src/common/decorators/current-device.decorator.ts": {"path":"/Users/suhaib/conductor/workspaces/monii/sacramento/backend/src/common/decorators/current-device.decorator.ts","statementMap":{"0":{"start":{"line":1,"column":0},"end":{"line":1,"column":72}},"1":{"start":{"line":4,"column":13},"end":{"line":9,"column":2}},"2":{"start":{"line":6,"column":16},"end":{"line":6,"column":47}},"3":{"start":{"line":7,"column":4},"end":{"line":7,"column":36}}},"fnMap":{"0":{"name":"(anonymous_0)","decl":{"start":{"line":5,"column":2},"end":{"line":5,"column":3}},"loc":{"start":{"line":5,"column":56},"end":{"line":8,"column":3}}}},"branchMap":{},"s":{"0":0,"1":0,"2":0,"3":0},"f":{"0":0},"b":{}}
,"/Users/suhaib/conductor/workspaces/monii/sacramento/backend/src/common/decorators/current-user.decorator.ts": {"path":"/Users/suhaib/conductor/workspaces/monii/sacramento/backend/src/common/decorators/current-user.decorator.ts","statementMap":{"0":{"start":{"line":1,"column":0},"end":{"line":1,"column":72}},"1":{"start":{"line":4,"column":13},"end":{"line":9,"column":2}},"2":{"start":{"line":6,"column":16},"end":{"line":6,"column":47}},"3":{"start":{"line":7,"column":4},"end":{"line":7,"column":32}}},"fnMap":{"0":{"name":"(anonymous_0)","decl":{"start":{"line":5,"column":2},"end":{"line":5,"column":3}},"loc":{"start":{"line":5,"column":54},"end":{"line":8,"column":3}}}},"branchMap":{},"s":{"0":0,"1":0,"2":0,"3":0},"f":{"0":0},"b":{}}
,"/Users/suhaib/conductor/workspaces/monii/sacramento/backend/src/common/guards/device-auth.guard.ts": {"path":"/Users/suhaib/conductor/workspaces/monii/sacramento/backend/src/common/guards/device-auth.guard.ts","statementMap":{"0":{"start":{"line":1,"column":0},"end":{"line":1,"column":null}},"1":{"start":{"line":7,"column":0},"end":{"line":7,"column":56}},"2":{"start":{"line":10,"column":17},"end":{"line":10,"column":43}},"3":{"start":{"line":11,"column":2},"end":{"line":11,"column":46}},"4":{"start":{"line":11,"column":34},"end":{"line":11,"column":46}},"5":{"start":{"line":12,"column":26},"end":{"line":12,"column":43}},"6":{"start":{"line":13,"column":2},"end":{"line":13,"column":53}},"7":{"start":{"line":18,"column":7},"end":{"line":38,"column":null}},"8":{"start":{"line":19,"column":31},"end":{"line":19,"column":39}},"9":{"start":{"line":22,"column":16},"end":{"line":22,"column":51}},"10":{"start":{"line":23,"column":18},"end":{"line":23,"column":36}},"11":{"start":{"line":24,"column":4},"end":{"line":24,"column":72}},"12":{"start":{"line":24,"column":16},"end":{"line":24,"column":72}},"13":{"start":{"line":27,"column":4},"end":{"line":31,"column":5}},"14":{"start":{"line":28,"column":6},"end":{"line":28,"column":48}},"15":{"start":{"line":30,"column":6},"end":{"line":30,"column":55}},"16":{"start":{"line":32,"column":4},"end":{"line":34,"column":5}},"17":{"start":{"line":33,"column":6},"end":{"line":33,"column":58}},"18":{"start":{"line":35,"column":4},"end":{"line":35,"column":66}},"19":{"start":{"line":36,"column":4},"end":{"line":36,"column":16}},"20":{"start":{"line":18,"column":13},"end":{"line":18,"column":28}},"21":{"start":{"line":18,"column":13},"end":{"line":38,"column":null}}},"fnMap":{"0":{"name":"extractBearer","decl":{"start":{"line":9,"column":9},"end":{"line":9,"column":22}},"loc":{"start":{"line":9,"column":65},"end":{"line":14,"column":1}}},"1":{"name":"(anonymous_3)","decl":{"start":{"line":19,"column":2},"end":{"line":19,"column":31}},"loc":{"start":{"line":19,"column":51},"end":{"line":19,"column":55}}},"2":{"name":"(anonymous_4)","decl":{"start":{"line":21,"column":2},"end":{"line":21,"column":7}},"loc":{"start":{"line":21,"column":45},"end":{"line":37,"column":3}}}},"branchMap":{"0":{"loc":{"start":{"line":11,"column":2},"end":{"line":11,"column":46}},"type":"if","locations":[{"start":{"line":11,"column":2},"end":{"line":11,"column":46}}]},"1":{"loc":{"start":{"line":13,"column":9},"end":{"line":13,"column":52}},"type":"cond-expr","locations":[{"start":{"line":13,"column":40},"end":{"line":13,"column":45}},{"start":{"line":13,"column":48},"end":{"line":13,"column":52}}]},"2":{"loc":{"start":{"line":13,"column":9},"end":{"line":13,"column":37}},"type":"binary-expr","locations":[{"start":{"line":13,"column":9},"end":{"line":13,"column":28}},{"start":{"line":13,"column":32},"end":{"line":13,"column":37}}]},"3":{"loc":{"start":{"line":24,"column":4},"end":{"line":24,"column":72}},"type":"if","locations":[{"start":{"line":24,"column":4},"end":{"line":24,"column":72}}]},"4":{"loc":{"start":{"line":32,"column":4},"end":{"line":34,"column":5}},"type":"if","locations":[{"start":{"line":32,"column":4},"end":{"line":34,"column":5}}]}},"s":{"0":1,"1":1,"2":3,"3":3,"4":1,"5":2,"6":2,"7":1,"8":3,"9":3,"10":3,"11":3,"12":1,"13":2,"14":2,"15":0,"16":2,"17":1,"18":1,"19":1,"20":1,"21":1},"f":{"0":3,"1":3,"2":3},"b":{"0":[1],"1":[2,0],"2":[2,2],"3":[1],"4":[1]}}
,"/Users/suhaib/conductor/workspaces/monii/sacramento/backend/src/common/guards/jwt-auth.guard.ts": {"path":"/Users/suhaib/conductor/workspaces/monii/sacramento/backend/src/common/guards/jwt-auth.guard.ts","statementMap":{"0":{"start":{"line":1,"column":0},"end":{"line":1,"column":null}},"1":{"start":{"line":7,"column":0},"end":{"line":7,"column":56}},"2":{"start":{"line":10,"column":17},"end":{"line":10,"column":43}},"3":{"start":{"line":11,"column":2},"end":{"line":11,"column":46}},"4":{"start":{"line":11,"column":34},"end":{"line":11,"column":46}},"5":{"start":{"line":12,"column":26},"end":{"line":12,"column":43}},"6":{"start":{"line":13,"column":2},"end":{"line":13,"column":53}},"7":{"start":{"line":18,"column":7},"end":{"line":38,"column":null}},"8":{"start":{"line":19,"column":31},"end":{"line":19,"column":39}},"9":{"start":{"line":22,"column":16},"end":{"line":22,"column":51}},"10":{"start":{"line":23,"column":18},"end":{"line":23,"column":36}},"11":{"start":{"line":24,"column":4},"end":{"line":24,"column":72}},"12":{"start":{"line":24,"column":16},"end":{"line":24,"column":72}},"13":{"start":{"line":27,"column":4},"end":{"line":31,"column":5}},"14":{"start":{"line":28,"column":6},"end":{"line":28,"column":48}},"15":{"start":{"line":30,"column":6},"end":{"line":30,"column":55}},"16":{"start":{"line":32,"column":4},"end":{"line":34,"column":5}},"17":{"start":{"line":33,"column":6},"end":{"line":33,"column":58}},"18":{"start":{"line":35,"column":4},"end":{"line":35,"column":82}},"19":{"start":{"line":36,"column":4},"end":{"line":36,"column":16}},"20":{"start":{"line":18,"column":13},"end":{"line":18,"column":25}},"21":{"start":{"line":18,"column":13},"end":{"line":38,"column":null}}},"fnMap":{"0":{"name":"extractBearer","decl":{"start":{"line":9,"column":9},"end":{"line":9,"column":22}},"loc":{"start":{"line":9,"column":65},"end":{"line":14,"column":1}}},"1":{"name":"(anonymous_3)","decl":{"start":{"line":19,"column":2},"end":{"line":19,"column":31}},"loc":{"start":{"line":19,"column":51},"end":{"line":19,"column":55}}},"2":{"name":"(anonymous_4)","decl":{"start":{"line":21,"column":2},"end":{"line":21,"column":7}},"loc":{"start":{"line":21,"column":45},"end":{"line":37,"column":3}}}},"branchMap":{"0":{"loc":{"start":{"line":11,"column":2},"end":{"line":11,"column":46}},"type":"if","locations":[{"start":{"line":11,"column":2},"end":{"line":11,"column":46}}]},"1":{"loc":{"start":{"line":13,"column":9},"end":{"line":13,"column":52}},"type":"cond-expr","locations":[{"start":{"line":13,"column":40},"end":{"line":13,"column":45}},{"start":{"line":13,"column":48},"end":{"line":13,"column":52}}]},"2":{"loc":{"start":{"line":13,"column":9},"end":{"line":13,"column":37}},"type":"binary-expr","locations":[{"start":{"line":13,"column":9},"end":{"line":13,"column":28}},{"start":{"line":13,"column":32},"end":{"line":13,"column":37}}]},"3":{"loc":{"start":{"line":24,"column":4},"end":{"line":24,"column":72}},"type":"if","locations":[{"start":{"line":24,"column":4},"end":{"line":24,"column":72}}]},"4":{"loc":{"start":{"line":32,"column":4},"end":{"line":34,"column":5}},"type":"if","locations":[{"start":{"line":32,"column":4},"end":{"line":34,"column":5}}]}},"s":{"0":1,"1":1,"2":5,"3":5,"4":1,"5":4,"6":4,"7":1,"8":5,"9":5,"10":5,"11":5,"12":2,"13":3,"14":3,"15":1,"16":2,"17":1,"18":1,"19":1,"20":1,"21":1},"f":{"0":5,"1":5,"2":5},"b":{"0":[1],"1":[3,1],"2":[4,3],"3":[2],"4":[1]}}
,"/Users/suhaib/conductor/workspaces/monii/sacramento/backend/src/config/configuration.ts": {"path":"/Users/suhaib/conductor/workspaces/monii/sacramento/backend/src/config/configuration.ts","statementMap":{"0":{"start":{"line":1,"column":0},"end":{"line":22,"column":3}},"1":{"start":{"line":1,"column":22},"end":{"line":22,"column":2}}},"fnMap":{"0":{"name":"(anonymous_0)","decl":{"start":{"line":1,"column":15},"end":{"line":1,"column":18}},"loc":{"start":{"line":1,"column":22},"end":{"line":22,"column":2}}}},"branchMap":{"0":{"loc":{"start":{"line":2,"column":17},"end":{"line":2,"column":43}},"type":"binary-expr","locations":[{"start":{"line":2,"column":17},"end":{"line":2,"column":33}},{"start":{"line":2,"column":37},"end":{"line":2,"column":43}}]},"1":{"loc":{"start":{"line":3,"column":11},"end":{"line":3,"column":48}},"type":"binary-expr","locations":[{"start":{"line":3,"column":11},"end":{"line":3,"column":31}},{"start":{"line":3,"column":35},"end":{"line":3,"column":48}}]},"2":{"loc":{"start":{"line":5,"column":12},"end":{"line":5,"column":61}},"type":"binary-expr","locations":[{"start":{"line":5,"column":12},"end":{"line":5,"column":33}},{"start":{"line":5,"column":37},"end":{"line":5,"column":61}}]},"3":{"loc":{"start":{"line":7,"column":12},"end":{"line":7,"column":60}},"type":"binary-expr","locations":[{"start":{"line":7,"column":12},"end":{"line":7,"column":34}},{"start":{"line":7,"column":38},"end":{"line":7,"column":60}}]},"4":{"loc":{"start":{"line":8,"column":24},"end":{"line":8,"column":59}},"type":"binary-expr","locations":[{"start":{"line":8,"column":24},"end":{"line":8,"column":50}},{"start":{"line":8,"column":54},"end":{"line":8,"column":59}}]},"5":{"loc":{"start":{"line":9,"column":25},"end":{"line":9,"column":65}},"type":"binary-expr","locations":[{"start":{"line":9,"column":25},"end":{"line":9,"column":52}},{"start":{"line":9,"column":56},"end":{"line":9,"column":65}}]},"6":{"loc":{"start":{"line":10,"column":24},"end":{"line":10,"column":64}},"type":"binary-expr","locations":[{"start":{"line":10,"column":24},"end":{"line":10,"column":50}},{"start":{"line":10,"column":54},"end":{"line":10,"column":64}}]},"7":{"loc":{"start":{"line":13,"column":30},"end":{"line":13,"column":76}},"type":"binary-expr","locations":[{"start":{"line":13,"column":30},"end":{"line":13,"column":68}},{"start":{"line":13,"column":72},"end":{"line":13,"column":76}}]},"8":{"loc":{"start":{"line":14,"column":24},"end":{"line":14,"column":63}},"type":"binary-expr","locations":[{"start":{"line":14,"column":24},"end":{"line":14,"column":56}},{"start":{"line":14,"column":60},"end":{"line":14,"column":63}}]},"9":{"loc":{"start":{"line":17,"column":25},"end":{"line":17,"column":65}},"type":"binary-expr","locations":[{"start":{"line":17,"column":25},"end":{"line":17,"column":56}},{"start":{"line":17,"column":60},"end":{"line":17,"column":65}}]},"10":{"loc":{"start":{"line":20,"column":24},"end":{"line":20,"column":66}},"type":"binary-expr","locations":[{"start":{"line":20,"column":24},"end":{"line":20,"column":60}},{"start":{"line":20,"column":64},"end":{"line":20,"column":66}}]}},"s":{"0":0,"1":0},"f":{"0":0},"b":{"0":[0,0],"1":[0,0],"2":[0,0],"3":[0,0],"4":[0,0],"5":[0,0],"6":[0,0],"7":[0,0],"8":[0,0],"9":[0,0],"10":[0,0]}}
,"/Users/suhaib/conductor/workspaces/monii/sacramento/backend/src/devices/devices.controller.ts": {"path":"/Users/suhaib/conductor/workspaces/monii/sacramento/backend/src/devices/devices.controller.ts","statementMap":{"0":{"start":{"line":1,"column":0},"end":{"line":1,"column":null}},"1":{"start":{"line":13,"column":0},"end":{"line":13,"column":78}},"2":{"start":{"line":14,"column":0},"end":{"line":14,"column":74}},"3":{"start":{"line":15,"column":0},"end":{"line":15,"column":69}},"4":{"start":{"line":16,"column":0},"end":{"line":16,"column":63}},"5":{"start":{"line":18,"column":0},"end":{"line":18,"column":51}},"6":{"start":{"line":19,"column":0},"end":{"line":19,"column":67}},"7":{"start":{"line":20,"column":0},"end":{"line":20,"column":56}},"8":{"start":{"line":21,"column":0},"end":{"line":21,"column":58}},"9":{"start":{"line":24,"column":7},"end":{"line":77,"column":null}},"10":{"start":{"line":25,"column":31},"end":{"line":25,"column":40}},"11":{"start":{"line":32,"column":4},"end":{"line":32,"column":49}},"12":{"start":{"line":38,"column":4},"end":{"line":38,"column":57}},"13":{"start":{"line":44,"column":4},"end":{"line":44,"column":57}},"14":{"start":{"line":52,"column":4},"end":{"line":52,"column":53}},"15":{"start":{"line":58,"column":4},"end":{"line":58,"column":56}},"16":{"start":{"line":68,"column":4},"end":{"line":68,"column":60}},"17":{"start":{"line":75,"column":4},"end":{"line":75,"column":50}},"18":{"start":{"line":24,"column":13},"end":{"line":24,"column":30}},"19":{"start":{"line":31,"column":2},"end":{"line":33,"column":null}},"20":{"start":{"line":37,"column":2},"end":{"line":39,"column":null}},"21":{"start":{"line":43,"column":2},"end":{"line":45,"column":null}},"22":{"start":{"line":51,"column":2},"end":{"line":53,"column":null}},"23":{"start":{"line":57,"column":2},"end":{"line":59,"column":null}},"24":{"start":{"line":63,"column":2},"end":{"line":69,"column":null}},"25":{"start":{"line":74,"column":2},"end":{"line":76,"column":null}},"26":{"start":{"line":24,"column":13},"end":{"line":77,"column":null}}},"fnMap":{"0":{"name":"(anonymous_4)","decl":{"start":{"line":25,"column":2},"end":{"line":25,"column":31}},"loc":{"start":{"line":25,"column":54},"end":{"line":25,"column":58}}},"1":{"name":"(anonymous_5)","decl":{"start":{"line":31,"column":2},"end":{"line":31,"column":4}},"loc":{"start":{"line":31,"column":40},"end":{"line":33,"column":3}}},"2":{"name":"(anonymous_6)","decl":{"start":{"line":37,"column":2},"end":{"line":37,"column":10}},"loc":{"start":{"line":37,"column":80},"end":{"line":39,"column":3}}},"3":{"name":"(anonymous_7)","decl":{"start":{"line":43,"column":2},"end":{"line":43,"column":7}},"loc":{"start":{"line":43,"column":35},"end":{"line":45,"column":3}}},"4":{"name":"(anonymous_8)","decl":{"start":{"line":51,"column":2},"end":{"line":51,"column":6}},"loc":{"start":{"line":51,"column":36},"end":{"line":53,"column":3}}},"5":{"name":"(anonymous_9)","decl":{"start":{"line":57,"column":2},"end":{"line":57,"column":5}},"loc":{"start":{"line":57,"column":60},"end":{"line":59,"column":3}}},"6":{"name":"(anonymous_10)","decl":{"start":{"line":63,"column":2},"end":{"line":63,"column":8}},"loc":{"start":{"line":66,"column":32},"end":{"line":69,"column":3}}},"7":{"name":"(anonymous_11)","decl":{"start":{"line":74,"column":2},"end":{"line":74,"column":8}},"loc":{"start":{"line":74,"column":63},"end":{"line":76,"column":3}}}},"branchMap":{},"s":{"0":0,"1":0,"2":0,"3":0,"4":0,"5":0,"6":0,"7":0,"8":0,"9":0,"10":0,"11":0,"12":0,"13":0,"14":0,"15":0,"16":0,"17":0,"18":0,"19":0,"20":0,"21":0,"22":0,"23":0,"24":0,"25":0,"26":0},"f":{"0":0,"1":0,"2":0,"3":0,"4":0,"5":0,"6":0,"7":0},"b":{}}
,"/Users/suhaib/conductor/workspaces/monii/sacramento/backend/src/devices/devices.module.ts": {"path":"/Users/suhaib/conductor/workspaces/monii/sacramento/backend/src/devices/devices.module.ts","statementMap":{"0":{"start":{"line":1,"column":0},"end":{"line":1,"column":40}},"1":{"start":{"line":2,"column":0},"end":{"line":2,"column":57}},"2":{"start":{"line":3,"column":0},"end":{"line":3,"column":51}},"3":{"start":{"line":10,"column":7},"end":{"line":10,"column":null}},"4":{"start":{"line":10,"column":13},"end":{"line":10,"column":26}},"5":{"start":{"line":10,"column":13},"end":{"line":10,"column":null}}},"fnMap":{},"branchMap":{},"s":{"0":0,"1":0,"2":0,"3":0,"4":0,"5":0},"f":{},"b":{}}
,"/Users/suhaib/conductor/workspaces/monii/sacramento/backend/src/devices/devices.service.ts": {"path":"/Users/suhaib/conductor/workspaces/monii/sacramento/backend/src/devices/devices.service.ts","statementMap":{"0":{"start":{"line":1,"column":0},"end":{"line":1,"column":null}},"1":{"start":{"line":7,"column":0},"end":{"line":7,"column":54}},"2":{"start":{"line":8,"column":0},"end":{"line":8,"column":69}},"3":{"start":{"line":9,"column":0},"end":{"line":9,"column":57}},"4":{"start":{"line":10,"column":0},"end":{"line":10,"column":53}},"5":{"start":{"line":23,"column":7},"end":{"line":119,"column":null}},"6":{"start":{"line":25,"column":21},"end":{"line":25,"column":29}},"7":{"start":{"line":26,"column":21},"end":{"line":26,"column":29}},"8":{"start":{"line":27,"column":21},"end":{"line":27,"column":28}},"9":{"start":{"line":35,"column":25},"end":{"line":35,"column":38}},"10":{"start":{"line":36,"column":19},"end":{"line":49,"column":6}},"11":{"start":{"line":50,"column":4},"end":{"line":50,"column":36}},"12":{"start":{"line":54,"column":4},"end":{"line":57,"column":7}},"13":{"start":{"line":61,"column":19},"end":{"line":63,"column":6}},"14":{"start":{"line":64,"column":4},"end":{"line":64,"column":65}},"15":{"start":{"line":64,"column":17},"end":{"line":64,"column":65}},"16":{"start":{"line":65,"column":4},"end":{"line":65,"column":18}},"17":{"start":{"line":69,"column":4},"end":{"line":69,"column":42}},"18":{"start":{"line":70,"column":4},"end":{"line":70,"column":72}},"19":{"start":{"line":74,"column":4},"end":{"line":74,"column":42}},"20":{"start":{"line":75,"column":4},"end":{"line":75,"column":55}},"21":{"start":{"line":76,"column":4},"end":{"line":81,"column":7}},"22":{"start":{"line":85,"column":19},"end":{"line":87,"column":6}},"23":{"start":{"line":88,"column":4},"end":{"line":88,"column":65}},"24":{"start":{"line":88,"column":17},"end":{"line":88,"column":65}},"25":{"start":{"line":89,"column":4},"end":{"line":89,"column":18}},"26":{"start":{"line":93,"column":4},"end":{"line":102,"column":7}},"27":{"start":{"line":110,"column":19},"end":{"line":112,"column":6}},"28":{"start":{"line":113,"column":4},"end":{"line":115,"column":5}},"29":{"start":{"line":114,"column":6},"end":{"line":114,"column":68}},"30":{"start":{"line":116,"column":24},"end":{"line":116,"column":80}},"31":{"start":{"line":117,"column":4},"end":{"line":117,"column":48}},"32":{"start":{"line":23,"column":13},"end":{"line":23,"column":27}},"33":{"start":{"line":23,"column":13},"end":{"line":119,"column":null}}},"fnMap":{"0":{"name":"(anonymous_2)","decl":{"start":{"line":24,"column":2},"end":{"line":24,"column":null}},"loc":{"start":{"line":27,"column":40},"end":{"line":28,"column":6}}},"1":{"name":"(anonymous_3)","decl":{"start":{"line":31,"column":2},"end":{"line":31,"column":7}},"loc":{"start":{"line":33,"column":27},"end":{"line":51,"column":3}}},"2":{"name":"(anonymous_4)","decl":{"start":{"line":53,"column":2},"end":{"line":53,"column":15}},"loc":{"start":{"line":53,"column":32},"end":{"line":58,"column":3}}},"3":{"name":"(anonymous_5)","decl":{"start":{"line":60,"column":2},"end":{"line":60,"column":7}},"loc":{"start":{"line":60,"column":49},"end":{"line":66,"column":3}}},"4":{"name":"(anonymous_6)","decl":{"start":{"line":68,"column":2},"end":{"line":68,"column":7}},"loc":{"start":{"line":68,"column":57},"end":{"line":71,"column":3}}},"5":{"name":"(anonymous_7)","decl":{"start":{"line":73,"column":2},"end":{"line":73,"column":7}},"loc":{"start":{"line":73,"column":43},"end":{"line":82,"column":3}}},"6":{"name":"(anonymous_8)","decl":{"start":{"line":84,"column":2},"end":{"line":84,"column":7}},"loc":{"start":{"line":84,"column":32},"end":{"line":90,"column":3}}},"7":{"name":"(anonymous_9)","decl":{"start":{"line":92,"column":2},"end":{"line":92,"column":12}},"loc":{"start":{"line":92,"column":55},"end":{"line":103,"column":3}}},"8":{"name":"(anonymous_10)","decl":{"start":{"line":106,"column":2},"end":{"line":106,"column":7}},"loc":{"start":{"line":108,"column":18},"end":{"line":118,"column":3}}}},"branchMap":{"0":{"loc":{"start":{"line":39,"column":14},"end":{"line":39,"column":63}},"type":"binary-expr","locations":[{"start":{"line":39,"column":14},"end":{"line":39,"column":30}},{"start":{"line":39,"column":34},"end":{"line":39,"column":45}},{"start":{"line":39,"column":49},"end":{"line":39,"column":63}}]},"1":{"loc":{"start":{"line":64,"column":4},"end":{"line":64,"column":65}},"type":"if","locations":[{"start":{"line":64,"column":4},"end":{"line":64,"column":65}}]},"2":{"loc":{"start":{"line":88,"column":4},"end":{"line":88,"column":65}},"type":"if","locations":[{"start":{"line":88,"column":4},"end":{"line":88,"column":65}}]},"3":{"loc":{"start":{"line":113,"column":4},"end":{"line":115,"column":5}},"type":"if","locations":[{"start":{"line":113,"column":4},"end":{"line":115,"column":5}}]},"4":{"loc":{"start":{"line":113,"column":8},"end":{"line":113,"column":64}},"type":"binary-expr","locations":[{"start":{"line":113,"column":8},"end":{"line":113,"column":15}},{"start":{"line":113,"column":19},"end":{"line":113,"column":64}}]}},"s":{"0":8,"1":8,"2":8,"3":8,"4":8,"5":8,"6":7,"7":7,"8":7,"9":1,"10":1,"11":1,"12":1,"13":3,"14":3,"15":1,"16":2,"17":1,"18":1,"19":1,"20":1,"21":1,"22":0,"23":0,"24":0,"25":0,"26":0,"27":2,"28":2,"29":1,"30":1,"31":1,"32":8,"33":8},"f":{"0":7,"1":1,"2":1,"3":3,"4":1,"5":1,"6":0,"7":0,"8":2},"b":{"0":[1,1,0],"1":[1],"2":[0],"3":[1],"4":[2,2]}}
,"/Users/suhaib/conductor/workspaces/monii/sacramento/backend/src/devices/dto/device-self-update.dto.ts": {"path":"/Users/suhaib/conductor/workspaces/monii/sacramento/backend/src/devices/dto/device-self-update.dto.ts","statementMap":{"0":{"start":{"line":1,"column":0},"end":{"line":1,"column":72}},"1":{"start":{"line":3,"column":0},"end":{"line":3,"column":13}},"2":{"start":{"line":8,"column":2},"end":{"line":8,"column":null}},"3":{"start":{"line":12,"column":2},"end":{"line":12,"column":null}},"4":{"start":{"line":16,"column":2},"end":{"line":16,"column":null}},"5":{"start":{"line":20,"column":2},"end":{"line":20,"column":null}}},"fnMap":{},"branchMap":{},"s":{"0":0,"1":0,"2":0,"3":0,"4":0,"5":0},"f":{},"b":{}}
,"/Users/suhaib/conductor/workspaces/monii/sacramento/backend/src/devices/dto/device-token.dto.ts": {"path":"/Users/suhaib/conductor/workspaces/monii/sacramento/backend/src/devices/dto/device-token.dto.ts","statementMap":{"0":{"start":{"line":1,"column":0},"end":{"line":1,"column":55}},"1":{"start":{"line":3,"column":0},"end":{"line":3,"column":13}},"2":{"start":{"line":6,"column":2},"end":{"line":6,"column":null}},"3":{"start":{"line":10,"column":2},"end":{"line":10,"column":null}}},"fnMap":{},"branchMap":{},"s":{"0":0,"1":0,"2":0,"3":0},"f":{},"b":{}}
,"/Users/suhaib/conductor/workspaces/monii/sacramento/backend/src/devices/dto/update-device.dto.ts": {"path":"/Users/suhaib/conductor/workspaces/monii/sacramento/backend/src/devices/dto/update-device.dto.ts","statementMap":{"0":{"start":{"line":1,"column":0},"end":{"line":1,"column":54}},"1":{"start":{"line":3,"column":0},"end":{"line":3,"column":13}},"2":{"start":{"line":6,"column":2},"end":{"line":6,"column":null}}},"fnMap":{},"branchMap":{},"s":{"0":0,"1":0,"2":0},"f":{},"b":{}}
,"/Users/suhaib/conductor/workspaces/monii/sacramento/backend/src/events/events.controller.ts": {"path":"/Users/suhaib/conductor/workspaces/monii/sacramento/backend/src/events/events.controller.ts","statementMap":{"0":{"start":{"line":1,"column":0},"end":{"line":1,"column":null}},"1":{"start":{"line":10,"column":0},"end":{"line":10,"column":78}},"2":{"start":{"line":11,"column":0},"end":{"line":11,"column":74}},"3":{"start":{"line":12,"column":0},"end":{"line":12,"column":69}},"4":{"start":{"line":13,"column":0},"end":{"line":13,"column":63}},"5":{"start":{"line":15,"column":0},"end":{"line":15,"column":49}},"6":{"start":{"line":16,"column":0},"end":{"line":16,"column":58}},"7":{"start":{"line":19,"column":7},"end":{"line":41,"column":null}},"8":{"start":{"line":20,"column":31},"end":{"line":20,"column":39}},"9":{"start":{"line":25,"column":4},"end":{"line":25,"column":57}},"10":{"start":{"line":35,"column":4},"end":{"line":39,"column":6}},"11":{"start":{"line":19,"column":13},"end":{"line":19,"column":29}},"12":{"start":{"line":24,"column":2},"end":{"line":26,"column":null}},"13":{"start":{"line":30,"column":2},"end":{"line":40,"column":null}},"14":{"start":{"line":19,"column":13},"end":{"line":41,"column":null}}},"fnMap":{"0":{"name":"(anonymous_4)","decl":{"start":{"line":20,"column":2},"end":{"line":20,"column":31}},"loc":{"start":{"line":20,"column":52},"end":{"line":20,"column":56}}},"1":{"name":"(anonymous_5)","decl":{"start":{"line":24,"column":2},"end":{"line":24,"column":8}},"loc":{"start":{"line":24,"column":74},"end":{"line":26,"column":3}}},"2":{"name":"(anonymous_6)","decl":{"start":{"line":30,"column":2},"end":{"line":30,"column":6}},"loc":{"start":{"line":33,"column":34},"end":{"line":40,"column":3}}}},"branchMap":{"0":{"loc":{"start":{"line":38,"column":6},"end":{"line":38,"column":45}},"type":"cond-expr","locations":[{"start":{"line":38,"column":14},"end":{"line":38,"column":33}},{"start":{"line":38,"column":36},"end":{"line":38,"column":45}}]}},"s":{"0":0,"1":0,"2":0,"3":0,"4":0,"5":0,"6":0,"7":0,"8":0,"9":0,"10":0,"11":0,"12":0,"13":0,"14":0},"f":{"0":0,"1":0,"2":0},"b":{"0":[0,0]}}
,"/Users/suhaib/conductor/workspaces/monii/sacramento/backend/src/events/events.module.ts": {"path":"/Users/suhaib/conductor/workspaces/monii/sacramento/backend/src/events/events.module.ts","statementMap":{"0":{"start":{"line":1,"column":0},"end":{"line":1,"column":40}},"1":{"start":{"line":2,"column":0},"end":{"line":2,"column":58}},"2":{"start":{"line":3,"column":0},"end":{"line":3,"column":55}},"3":{"start":{"line":4,"column":0},"end":{"line":4,"column":49}},"4":{"start":{"line":11,"column":7},"end":{"line":11,"column":null}},"5":{"start":{"line":11,"column":13},"end":{"line":11,"column":25}},"6":{"start":{"line":11,"column":13},"end":{"line":11,"column":null}}},"fnMap":{},"branchMap":{},"s":{"0":0,"1":0,"2":0,"3":0,"4":0,"5":0,"6":0},"f":{},"b":{}}
,"/Users/suhaib/conductor/workspaces/monii/sacramento/backend/src/events/events.service.ts": {"path":"/Users/suhaib/conductor/workspaces/monii/sacramento/backend/src/events/events.service.ts","statementMap":{"0":{"start":{"line":1,"column":0},"end":{"line":1,"column":44}},"1":{"start":{"line":3,"column":0},"end":{"line":3,"column":60}},"2":{"start":{"line":4,"column":0},"end":{"line":4,"column":57}},"3":{"start":{"line":8,"column":7},"end":{"line":46,"column":null}},"4":{"start":{"line":10,"column":21},"end":{"line":10,"column":29}},"5":{"start":{"line":11,"column":21},"end":{"line":11,"column":30}},"6":{"start":{"line":19,"column":4},"end":{"line":19,"column":53}},"7":{"start":{"line":19,"column":33},"end":{"line":19,"column":53}},"8":{"start":{"line":20,"column":19},"end":{"line":27,"column":6}},"9":{"start":{"line":21,"column":35},"end":{"line":26,"column":8}},"10":{"start":{"line":28,"column":4},"end":{"line":30,"column":30}},"11":{"start":{"line":30,"column":19},"end":{"line":30,"column":28}},"12":{"start":{"line":31,"column":4},"end":{"line":31,"column":35}},"13":{"start":{"line":39,"column":4},"end":{"line":39,"column":56}},"14":{"start":{"line":40,"column":4},"end":{"line":44,"column":7}},"15":{"start":{"line":8,"column":13},"end":{"line":8,"column":26}},"16":{"start":{"line":8,"column":13},"end":{"line":46,"column":null}}},"fnMap":{"0":{"name":"(anonymous_2)","decl":{"start":{"line":9,"column":2},"end":{"line":9,"column":null}},"loc":{"start":{"line":11,"column":44},"end":{"line":12,"column":6}}},"1":{"name":"(anonymous_3)","decl":{"start":{"line":15,"column":2},"end":{"line":15,"column":7}},"loc":{"start":{"line":17,"column":24},"end":{"line":32,"column":3}}},"2":{"name":"(anonymous_4)","decl":{"start":{"line":21,"column":27},"end":{"line":21,"column":28}},"loc":{"start":{"line":21,"column":35},"end":{"line":26,"column":8}}},"3":{"name":"(anonymous_5)","decl":{"start":{"line":30,"column":13},"end":{"line":30,"column":16}},"loc":{"start":{"line":30,"column":19},"end":{"line":30,"column":28}}},"4":{"name":"(anonymous_6)","decl":{"start":{"line":34,"column":2},"end":{"line":34,"column":7}},"loc":{"start":{"line":37,"column":15},"end":{"line":45,"column":3}}}},"branchMap":{"0":{"loc":{"start":{"line":19,"column":4},"end":{"line":19,"column":53}},"type":"if","locations":[{"start":{"line":19,"column":4},"end":{"line":19,"column":53}}]},"1":{"loc":{"start":{"line":37,"column":4},"end":{"line":37,"column":15}},"type":"default-arg","locations":[{"start":{"line":37,"column":12},"end":{"line":37,"column":15}}]}},"s":{"0":1,"1":1,"2":1,"3":1,"4":3,"5":3,"6":2,"7":1,"8":1,"9":2,"10":1,"11":0,"12":1,"13":1,"14":1,"15":1,"16":1},"f":{"0":3,"1":2,"2":2,"3":0,"4":1},"b":{"0":[1],"1":[1]}}
,"/Users/suhaib/conductor/workspaces/monii/sacramento/backend/src/events/dto/ingest-events.dto.ts": {"path":"/Users/suhaib/conductor/workspaces/monii/sacramento/backend/src/events/dto/ingest-events.dto.ts","statementMap":{"0":{"start":{"line":1,"column":0},"end":{"line":1,"column":43}},"1":{"start":{"line":2,"column":0},"end":{"line":2,"column":41}},"2":{"start":{"line":3,"column":0},"end":{"line":3,"column":null}},"3":{"start":{"line":12,"column":0},"end":{"line":12,"column":13}},"4":{"start":{"line":14,"column":2},"end":{"line":14,"column":null}},"5":{"start":{"line":17,"column":2},"end":{"line":17,"column":null}},"6":{"start":{"line":20,"column":2},"end":{"line":20,"column":null}},"7":{"start":{"line":23,"column":0},"end":{"line":23,"column":13}},"8":{"start":{"line":28,"column":2},"end":{"line":28,"column":null}},"9":{"start":{"line":27,"column":14},"end":{"line":27,"column":24}}},"fnMap":{"0":{"name":"(anonymous_2)","decl":{"start":{"line":27,"column":8},"end":{"line":27,"column":11}},"loc":{"start":{"line":27,"column":14},"end":{"line":27,"column":24}}}},"branchMap":{},"s":{"0":0,"1":0,"2":0,"3":0,"4":0,"5":0,"6":0,"7":0,"8":0,"9":0},"f":{"0":0},"b":{}}
,"/Users/suhaib/conductor/workspaces/monii/sacramento/backend/src/fcm/fcm.module.ts": {"path":"/Users/suhaib/conductor/workspaces/monii/sacramento/backend/src/fcm/fcm.module.ts","statementMap":{"0":{"start":{"line":1,"column":0},"end":{"line":1,"column":48}},"1":{"start":{"line":2,"column":0},"end":{"line":2,"column":43}},"2":{"start":{"line":9,"column":7},"end":{"line":9,"column":null}},"3":{"start":{"line":9,"column":13},"end":{"line":9,"column":22}},"4":{"start":{"line":9,"column":13},"end":{"line":9,"column":null}}},"fnMap":{},"branchMap":{},"s":{"0":0,"1":0,"2":0,"3":0,"4":0},"f":{},"b":{}}
,"/Users/suhaib/conductor/workspaces/monii/sacramento/backend/src/fcm/fcm.service.ts": {"path":"/Users/suhaib/conductor/workspaces/monii/sacramento/backend/src/fcm/fcm.service.ts","statementMap":{"0":{"start":{"line":1,"column":0},"end":{"line":1,"column":66}},"1":{"start":{"line":2,"column":0},"end":{"line":2,"column":47}},"2":{"start":{"line":3,"column":0},"end":{"line":3,"column":40}},"3":{"start":{"line":4,"column":0},"end":{"line":4,"column":34}},"4":{"start":{"line":15,"column":23},"end":{"line":65,"column":null}},"5":{"start":{"line":19,"column":31},"end":{"line":19,"column":39}},"6":{"start":{"line":16,"column":19},"end":{"line":16,"column":56}},"7":{"start":{"line":17,"column":10},"end":{"line":17,"column":43}},"8":{"start":{"line":22,"column":17},"end":{"line":22,"column":66}},"9":{"start":{"line":23,"column":4},"end":{"line":26,"column":5}},"10":{"start":{"line":24,"column":6},"end":{"line":24,"column":84}},"11":{"start":{"line":25,"column":6},"end":{"line":25,"column":13}},"12":{"start":{"line":27,"column":4},"end":{"line":36,"column":5}},"13":{"start":{"line":28,"column":29},"end":{"line":28,"column":67}},"14":{"start":{"line":29,"column":6},"end":{"line":32,"column":8}},"15":{"start":{"line":33,"column":6},"end":{"line":33,"column":42}},"16":{"start":{"line":35,"column":6},"end":{"line":35,"column":87}},"17":{"start":{"line":40,"column":4},"end":{"line":40,"column":29}},"18":{"start":{"line":49,"column":4},"end":{"line":52,"column":5}},"19":{"start":{"line":50,"column":6},"end":{"line":50,"column":87}},"20":{"start":{"line":51,"column":6},"end":{"line":51,"column":19}},"21":{"start":{"line":53,"column":4},"end":{"line":63,"column":5}},"22":{"start":{"line":54,"column":6},"end":{"line":58,"column":9}},"23":{"start":{"line":59,"column":6},"end":{"line":59,"column":18}},"24":{"start":{"line":61,"column":6},"end":{"line":61,"column":56}},"25":{"start":{"line":62,"column":6},"end":{"line":62,"column":19}},"26":{"start":{"line":15,"column":13},"end":{"line":15,"column":23}},"27":{"start":{"line":15,"column":13},"end":{"line":65,"column":null}}},"fnMap":{"0":{"name":"(anonymous_11)","decl":{"start":{"line":19,"column":2},"end":{"line":19,"column":31}},"loc":{"start":{"line":19,"column":52},"end":{"line":19,"column":56}}},"1":{"name":"(anonymous_12)","decl":{"start":{"line":21,"column":2},"end":{"line":21,"column":14}},"loc":{"start":{"line":21,"column":14},"end":{"line":37,"column":3}}},"2":{"name":"(anonymous_13)","decl":{"start":{"line":39,"column":2},"end":{"line":39,"column":6}},"loc":{"start":{"line":39,"column":13},"end":{"line":41,"column":3}}},"3":{"name":"(anonymous_14)","decl":{"start":{"line":44,"column":2},"end":{"line":44,"column":7}},"loc":{"start":{"line":47,"column":23},"end":{"line":64,"column":3}}}},"branchMap":{"0":{"loc":{"start":{"line
[...]
,"/Users/suhaib/conductor/workspaces/monii/sacramento/backend/src/policies/policies.module.ts": {"path":"/Users/suhaib/conductor/workspaces/monii/sacramento/backend/src/policies/policies.module.ts","statementMap":{"0":{"start":{"line":1,"column":0},"end":{"line":1,"column":40}},"1":{"start":{"line":2,"column":0},"end":{"line":2,"column":61}},"2":{"start":{"line":3,"column":0},"end":{"line":3,"column":59}},"3":{"start":{"line":4,"column":0},"end":{"line":4,"column":53}},"4":{"start":{"line":11,"column":7},"end":{"line":11,"column":null}},"5":{"start":{"line":11,"column":13},"end":{"line":11,"column":27}},"6":{"start":{"line":11,"column":13},"end":{"line":11,"column":null}}},"fnMap":{},"branchMap":{},"s":{"0":0,"1":0,"2":0,"3":0,"4":0,"5":0,"6":0},"f":{},"b":{}}
,"/Users/suhaib/conductor/workspaces/monii/sacramento/backend/src/policies/policies.service.ts": {"path":"/Users/suhaib/conductor/workspaces/monii/sacramento/backend/src/policies/policies.service.ts","statementMap":{"0":{"start":{"line":1,"column":0},"end":{"line":1,"column":44}},"1":{"start":{"line":2,"column":0},"end":{"line":2,"column":61}},"2":{"start":{"line":3,"column":0},"end":{"line":3,"column":54}},"3":{"start":{"line":4,"column":0},"end":{"line":4,"column":63}},"4":{"start":{"line":5,"column":0},"end":{"line":5,"column":57}},"5":{"start":{"line":8,"column":7},"end":{"line":82,"column":null}},"6":{"start":{"line":10,"column":21},"end":{"line":10,"column":29}},"7":{"start":{"line":11,"column":21},"end":{"line":11,"column":31}},"8":{"start":{"line":12,"column":21},"end":{"line":12,"column":28}},"9":{"start":{"line":16,"column":4},"end":{"line":19,"column":7}},"10":{"start":{"line":23,"column":4},"end":{"line":27,"column":7}},"11":{"start":{"line":35,"column":19},"end":{"line":38,"column":6}},"12":{"start":{"line":39,"column":20},"end":{"line":39,"column":46}},"13":{"start":{"line":43,"column":4},"end":{"line":46,"column":7}},"14":{"start":{"line":47,"column":19},"end":{"line":54,"column":6}},"15":{"start":{"line":56,"column":4},"end":{"line":56,"column":47}},"16":{"start":{"line":57,"column":4},"end":{"line":62,"column":7}},"17":{"start":{"line":63,"column":4},"end":{"line":63,"column":18}},"18":{"start":{"line":67,"column":20},"end":{"line":70,"column":6}},"19":{"start":{"line":71,"column":4},"end":{"line":80,"column":6}},"20":{"start":{"line":73,"column":8},"end":{"line":78,"column":33}},"21":{"start":{"line":78,"column":23},"end":{"line":78,"column":32}},"22":{"start":{"line":8,"column":13},"end":{"line":8,"column":28}},"23":{"start":{"line":8,"column":13},"end":{"line":82,"column":null}}},"fnMap":{"0":{"name":"(anonymous_2)","decl":{"start":{"line":9,"column":2},"end":{"line":9,"column":null}},"loc":{"start":{"line":12,"column":40},"end":{"line":13,"column":6}}},"1":{"name":"(anonymous_3)","decl":{"start":{"line":15,"column":2},"end":{"line":15,"column":11}},"loc":{"start":{"line":15,"column":28},"end":{"line":20,"column":3}}},"2":{"name":"(anonymous_4)","decl":{"start":{"line":22,"column":2},"end":{"line":22,"column":9}},"loc":{"start":{"line":22,"column":26},"end":{"line":28,"column":3}}},"3":{"name":"(anonymous_5)","decl":{"start":{"line":31,"column":2},"end":{"line":31,"column":7}},"loc":{"start":{"line":33,"column":34},"end":{"line":64,"column":3}}},"4":{"name":"(anonymous_6)","decl":{"start":{"line":66,"column":10},"end":{"line":66,"column":15}},"loc":{"start":{"line":66,"column":62},"end":{"line":81,"column":3}}},"5":{"name":"(anonymous_7)","decl":{"start":{"line":72,"column":18},"end":{"line":72,"column":19}},"loc":{"start":{"line":73,"column":8},"end":{"line":78,"column":33}}},"6":{"name":"(anonymous_8)","decl":{"start":{"line":78,"column":17},"end":{"line":78,"column":20}},"loc":{"start":{"line":78,"column":23},"end":{"line":78,"column":32}}}},"branchMap":{"0":{"loc":{"start":{"line":39,"column":21},"end":{"line":39,"column":41}},"type":"binary-expr","locations":[{"start":{"line":39,"column":21},"end":{"line":39,"column":36}},{"start":{"line":39,"column":40},"end":{"line":39,"column":41}}]}},"s":{"0":1,"1":1,"2":1,"3":1,"4":1,"5":1,"6":3,"7":3,"8":3,"9":1,"10":0,"11":2,"12":2,"13":2,"14":2,"15":2,"16":2,"17":2,"18":2,"19":2,"20":2,"21":0,"22":1,"23":1},"f":{"0":3,"1":1,"2":0,"3":2,"4":2,"5":2,"6":0},"b":{"0":[2,1]}}
,"/Users/suhaib/conductor/workspaces/monii/sacramento/backend/src/policies/dto/update-policy.dto.ts": {"path":"/Users/suhaib/conductor/workspaces/monii/sacramento/backend/src/policies/dto/update-policy.dto.ts","statementMap":{"0":{"start":{"line":1,"column":0},"end":{"line":1,"column":43}},"1":{"start":{"line":13,"column":0},"end":{"line":13,"column":13}},"2":{"start":{"line":15,"column":2},"end":{"line":15,"column":null}}},"fnMap":{},"branchMap":{},"s":{"0":0,"1":0,"2":0},"f":{},"b":{}}
,"/Users/suhaib/conductor/workspaces/monii/sacramento/backend/src/prisma/prisma.module.ts": {"path":"/Users/suhaib/conductor/workspaces/monii/sacramento/backend/src/prisma/prisma.module.ts","statementMap":{"0":{"start":{"line":1,"column":0},"end":{"line":1,"column":48}},"1":{"start":{"line":2,"column":0},"end":{"line":2,"column":49}},"2":{"start":{"line":9,"column":7},"end":{"line":9,"column":null}},"3":{"start":{"line":9,"column":13},"end":{"line":9,"column":25}},"4":{"start":{"line":9,"column":13},"end":{"line":9,"column":null}}},"fnMap":{},"branchMap":{},"s":{"0":0,"1":0,"2":0,"3":0,"4":0},"f":{},"b":{}}
,"/Users/suhaib/conductor/workspaces/monii/sacramento/backend/src/prisma/prisma.service.ts": {"path":"/Users/suhaib/conductor/workspaces/monii/sacramento/backend/src/prisma/prisma.service.ts","statementMap":{"0":{"start":{"line":1,"column":0},"end":{"line":1,"column":58}},"1":{"start":{"line":2,"column":0},"end":{"line":2,"column":46}},"2":{"start":{"line":5,"column":7},"end":{"line":9,"column":null}},"3":{"start":{"line":7,"column":4},"end":{"line":7,"column":26}},"4":{"start":{"line":5,"column":13},"end":{"line":5,"column":26}},"5":{"start":{"line":5,"column":13},"end":{"line":9,"column":null}}},"fnMap":{"0":{"name":"(anonymous_1)","decl":{"start":{"line":6,"column":2},"end":{"line":6,"column":7}},"loc":{"start":{"line":6,"column":20},"end":{"line":8,"column":3}}}},"branchMap":{},"s":{"0":10,"1":10,"2":10,"3":0,"4":10,"5":10},"f":{"0":0},"b":{}}
,"/Users/suhaib/conductor/workspaces/monii/sacramento/backend/src/redis/redis.module.ts": {"path":"/Users/suhaib/conductor/workspaces/monii/sacramento/backend/src/redis/redis.module.ts","statementMap":{"0":{"start":{"line":1,"column":0},"end":{"line":1,"column":48}},"1":{"start":{"line":2,"column":0},"end":{"line":2,"column":47}},"2":{"start":{"line":9,"column":7},"end":{"line":9,"column":null}},"3":{"start":{"line":9,"column":13},"end":{"line":9,"column":24}},"4":{"start":{"line":9,"column":13},"end":{"line":9,"column":null}}},"fnMap":{},"branchMap":{},"s":{"0":0,"1":0,"2":0,"3":0,"4":0},"f":{},"b":{}}
,"/Users/suhaib/conductor/workspaces/monii/sacramento/backend/src/redis/redis.service.ts": {"path":"/Users/suhaib/conductor/workspaces/monii/sacramento/backend/src/redis/redis.service.ts","statementMap":{"0":{"start":{"line":1,"column":0},"end":{"line":1,"column":75}},"1":{"start":{"line":2,"column":0},"end":{"line":2,"column":47}},"2":{"start":{"line":3,"column":0},"end":{"line":3,"column":28}},"3":{"start":{"line":5,"column":20},"end":{"line":5,"column":64}},"4":{"start":{"line":5,"column":42},"end":{"line":5,"column":64}},"5":{"start":{"line":14,"column":7},"end":{"line":55,"column":null}},"6":{"start":{"line":17,"column":31},"end":{"line":17,"column":39}},"7":{"start":{"line":20,"column":16},"end":{"line":20,"column":79}},"8":{"start":{"line":21,"column":4},"end":{"line":21,"column":65}},"9":{"start":{"line":25,"column":4},"end":{"line":25,"column":30}},"10":{"start":{"line":29,"column":4},"end":{"line":29,"column":23}},"11":{"start":{"line":33,"column":4},"end":{"line":33,"column":90}},"12":{"start":{"line":37,"column":4},"end":{"line":37,"column":67}},"13":{"start":{"line":41,"column":4},"end":{"line":45,"column":5}},"14":{"start":{"line":42,"column":6},"end":{"line":42,"column":58}},"15":{"start":{"line":44,"column":6},"end":{"line":44,"column":40}},"16":{"start":{"line":49,"column":4},"end":{"line":49,"column":32}},"17":{"start":{"line":53,"column":4},"end":{"line":53,"column":31}},"18":{"start":{"line":14,"column":13},"end":{"line":14,"column":25}},"19":{"start":{"line":14,"column":13},"end":{"line":55,"column":null}}},"fnMap":{"0":{"name":"(anonymous_3)","decl":{"start":{"line":5,"column":20},"end":{"line":5,"column":21}},"loc":{"start":{"line":5,"column":42},"end":{"line":5,"column":64}}},"1":{"name":"(anonymous_4)","decl":{"start":{"line":17,"column":2},"end":{"line":17,"column":31}},"loc":{"start":{"line":17,"column":52},"end":{"line":17,"column":56}}},"2":{"name":"(anonymous_5)","decl":{"start":{"line":19,"column":2},"end":{"line":19,"column":14}},"loc":{"start":{"line":19,"column":14},"end":{"line":22,"column":3}}},"3":{"name":"(anonymous_6)","decl":{"start":{"line":24,"column":2},"end":{"line":24,"column":7}},"loc":{"start":{"line":24,"column":23},"end":{"line":26,"column":3}}},"4":{"name":"(anonymous_7)","decl":{"start":{"line":28,"column":2},"end":{"line":28,"column":6}},"loc":{"start":{"line":28,"column":9},"end":{"line":30,"column":3}}},"5":{"name":"(anonymous_8)","decl":{"start":{"line":32,"column":2},"end":{"line":32,"column":7}},"loc":{"start":{"line":32,"column":56},"end":{"line":34,"column":3}}},"6":{"name":"(anonymous_9)","decl":{"start":{"line":36,"column":2},"end":{"line":36,"column":7}},"loc":{"start":{"line":36,"column":34},"end":{"line":38,"column":3}}},"7":{"name":"(anonymous_10)","decl":{"start":{"line":40,"column":2},"end":{"line":40,"column":7}},"loc":{"start":{"line":40,"column":59},"end":{"line":46,"column":3}}},"8":{"name":"(anonymous_11)","decl":{"start":{"line":48,"column":2},"end":{"line":48,"column":7}},"loc":{"start":{"line":48,"column":23},"end":{"line":50,"column":3}}},"9":{"name":"(anonymous_12)","decl":{"start":{"line":52,"column":2},"end":{"line":52,"column":7}},"loc":{"start":{"line":52,"column":23},"end":{"line":54,"column":3}}}},"branchMap":{"0":{"loc":{"start":{"line":20,"column":16},"end":{"line":20,"column":79}},"type":"binary-expr","locations":[{"start":{"line":20,"column":16},"end":{"line":20,"column":51}},{"start":{"line":20,"column":55},"end":{"line":20,"column":79}}]},"1":{"loc":{"start":{"line":41,"column":4},"end":{"line":45,"column":5}},"type":"if","locations":[{"start":{"line":41,"column":4},"end":{"line":45,"column":5}},{"start":{"line":43,"column":11},"end":{"line":45,"column":5}}]}},"s":{"0":1,"1":1,"2":1,"3":1,"4":0,"5":1,"6":0,"7":0,"8":0,"9":0,"10":0,"11":0,"12":0,"13":0,"14":0,"15":0,"16":0,"17":0,"18":1,"19":1},"f":{"0":0,"1":0,"2":0,"3":0,"4":0,"5":0,"6":0,"7":0,"8":0,"9":0},"b":{"0":[0,0],"1":[0,0]}}
,"/Users/suhaib/conductor/workspaces/monii/sacramento/backend/src/tamper/tamper.controller.ts": {"path":"/Users/suhaib/conductor/workspaces/monii/sacramento/backend/src/tamper/tamper.controller.ts","statementMap":{"0":{"start":{"line":1,"column":0},"end":{"line":1,"column":null}},"1":{"start":{"line":12,"column":0},"end":{"line":12,"column":78}},"2":{"start":{"line":13,"column":0},"end":{"line":13,"column":74}},"3":{"start":{"line":14,"column":0},"end":{"line":14,"column":69}},"4":{"start":{"line":15,"column":0},"end":{"line":15,"column":63}},"5":{"start":{"line":17,"column":0},"end":{"line":17,"column":49}},"6":{"start":{"line":18,"column":0},"end":{"line":18,"column":58}},"7":{"start":{"line":21,"column":7},"end":{"line":44,"column":null}},"8":{"start":{"line":22,"column":31},"end":{"line":22,"column":39}},"9":{"start":{"line":28,"column":4},"end":{"line":28,"column":79}},"10":{"start":{"line":38,"column":4},"end":{"line":42,"column":6}},"11":{"start":{"line":21,"column":13},"end":{"line":21,"column":29}},"12":{"start":{"line":27,"column":2},"end":{"line":29,"column":null}},"13":{"start":{"line":33,"column":2},"end":{"line":43,"column":null}},"14":{"start":{"line":21,"column":13},"end":{"line":44,"column":null}}},"fnMap":{"0":{"name":"(anonymous_4)","decl":{"start":{"line":22,"column":2},"end":{"line":22,"column":31}},"loc":{"start":{"line":22,"column":52},"end":{"line":22,"column":56}}},"1":{"name":"(anonymous_5)","decl":{"start":{"line":27,"column":2},"end":{"line":27,"column":8}},"loc":{"start":{"line":27,"column":74},"end":{"line":29,"column":3}}},"2":{"name":"(anonymous_6)","decl":{"start":{"line":33,"column":2},"end":{"line":33,"column":6}},"loc":{"start":{"line":36,"column":34},"end":{"line":43,"column":3}}}},"branchMap":{"0":{"loc":{"start":{"line":41,"column":6},"end":{"line":41,"column":45}},"type":"cond-expr","locations":[{"start":{"line":41,"column":14},"end":{"line":41,"column":33}},{"start":{"line":41,"column":36},"end":{"line":41,"column":45}}]}},"s":{"0":0,"1":0,"2":0,"3":0,"4":0,"5":0,"6":0,"7":0,"8":0,"9":0,"10":0,"11":0,"12":0,"13":0,"14":0},"f":{"0":0,"1":0,"2":0},"b":{"0":[0,0]}}
,"/Users/suhaib/conductor/workspaces/monii/sacramento/backend/src/tamper/tamper.module.ts": {"path":"/Users/suhaib/conductor/workspaces/monii/sacramento/backend/src/tamper/tamper.module.ts","statementMap":{"0":{"start":{"line":1,"column":0},"end":{"line":1,"column":40}},"1":{"start":{"line":2,"column":0},"end":{"line":2,"column":58}},"2":{"start":{"line":3,"column":0},"end":{"line":3,"column":55}},"3":{"start":{"line":4,"column":0},"end":{"line":4,"column":49}},"4":{"start":{"line":12,"column":7},"end":{"line":12,"column":null}},"5":{"start":{"line":12,"column":13},"end":{"line":12,"column":25}},"6":{"start":{"line":12,"column":13},"end":{"line":12,"column":null}}},"fnMap":{},"branchMap":{},"s":{"0":0,"1":0,"2":0,"3":0,"4":0,"5":0,"6":0},"f":{},"b":{}}
,"/Users/suhaib/conductor/workspaces/monii/sacramento/backend/src/tamper/tamper.service.ts": {"path":"/Users/suhaib/conductor/workspaces/monii/sacramento/backend/src/tamper/tamper.service.ts","statementMap":{"0":{"start":{"line":1,"column":0},"end":{"line":1,"column":44}},"1":{"start":{"line":3,"column":0},"end":{"line":3,"column":57}},"2":{"start":{"line":4,"column":0},"end":{"line":4,"column":54}},"3":{"start":{"line":5,"column":0},"end":{"line":5,"column":60}},"4":{"start":{"line":6,"column":0},"end":{"line":6,"column":57}},"5":{"start":{"line":9,"column":43},"end":{"line":18,"column":2}},"6":{"start":{"line":21,"column":7},"end":{"line":88,"column":null}},"7":{"start":{"line":23,"column":21},"end":{"line":23,"column":29}},"8":{"start":{"line":24,"column":21},"end":{"line":24,"column":29}},"9":{"start":{"line":25,"column":21},"end":{"line":25,"column":30}},"10":{"start":{"line":26,"column":21},"end":{"line":26,"column":28}},"11":{"start":{"line":41,"column":18},"end":{"line":43,"column":6}},"12":{"start":{"line":44,"column":4},"end":{"line":58,"column":5}},"13":{"start":{"line":45,"column":30},"end":{"line":45,"column":80}},"14":{"start":{"line":46,"column":6},"end":{"line":52,"column":9}},"15":{"start":{"line":53,"column":6},"end":{"line":57,"column":9}},"16":{"start":{"line":59,"column":4},"end":{"line":59,"column":17}},"17":{"start":{"line":67,"column":4},"end":{"line":73,"column":6}},"18":{"start":{"line":81,"column":4},"end":{"line":81,"column":56}},"19":{"start":{"line":82,"column":4},"end":{"line":86,"column":7}},"20":{"start":{"line":21,"column":13},"end":{"line":21,"column":26}},"21":{"start":{"line":21,"column":13},"end":{"line":88,"column":null}}},"fnMap":{"0":{"name":"(anonymous_2)","decl":{"start":{"line":22,"column":2},"end":{"line":22,"column":null}},"loc":{"start":{"line":26,"column":40},"end":{"line":27,"column":6}}},"1":{"name":"(anonymous_3)","decl":{"start":{"line":34,"column":2},"end":{"line":34,"column":7}},"loc":{"start":{"line":39,"column":21},"end":{"line":60,"column":3}}},"2":{"name":"(anonymous_4)","decl":{"start":{"line":62,"column":2},"end":{"line":62,"column":18}},"loc":{"start":{"line":65,"column":24},"end":{"line":74,"column":3}}},"3":{"name":"(anonymous_5)","decl":{"start":{"line":76,"column":2},"end":{"line":76,"column":7}},"loc":{"start":{"line":79,"column":15},"end":{"line":87,"column":3}}}},"branchMap":{"0":{"loc":{"start":{"line":42,"column":50},"end":{"line":42,"column":74}},"type":"binary-expr","locations":[{"start":{"line":42,"column":50},"end":{"line":42,"column":60}},{"start":{"line":42,"column":64},"end":{"line":42,"column":74}}]},"1":{"loc":{"start":{"line":44,"column":4},"end":{"line":58,"column":5}},"type":"if","locations":[{"start":{"line":44,"column":4},"end":{"line":58,"column":5}}]},"2":{"loc":{"start":{"line":45,"column":30},"end":{"line":45,"column":80}},"type":"cond-expr","locations":[{"start":{"line":45,"column":53},"end":{"line":45,"column":69}},{"start":{"line":45,"column":72},"end":{"line":45,"column":80}}]},"3":{"loc":{"start":{"line":51,"column":14},"end":{"line":51,"column":36}},"type":"binary-expr","locations":[{"start":{"line":51,"column":14},"end":{"line":51,"column":20}},{"start":{"line":51,"column":24},"end":{"line":51,"column":36}}]},"4":{"loc":{"start":{"line":72,"column":6},"end":{"line":72,"column":59}},"type":"cond-expr","locations":[{"start":{"line":72,"column":23},"end":{"line":72,"column":47}},{"start":{"line":72,"column":50},"end":{"line":72,"column":59}}]},"5":{"loc":{"start":{"line":79,"column":4},"end":{"line":79,"column":15}},"type":"default-arg","locations":[{"start":{"line":79,"column":12},"end":{"line":79,"column":15}}]}},"s":{"0":2,"1":2,"2":2,"3":2,"4":2,"5":2,"6":2,"7":4,"8":4,"9":4,"10":4,"11":3,"12":3,"13":2,"14":2,"15":2,"16":3,"17":0,"18":1,"19":1,"20":2,"21":2},"f":{"0":4,"1":3,"2":0,"3":1},"b":{"0":[3,3],"1":[2],"2":[1,1],"3":[2,1],"4":[0,0],"5":[1]}}
,"/Users/suhaib/conductor/workspaces/monii/sacramento/backend/src/tamper/dto/report-tamper.dto.ts": {"path":"/Users/suhaib/conductor/workspaces/monii/sacramento/backend/src/tamper/dto/report-tamper.dto.ts","statementMap":{"0":{"start":{"line":1,"column":0},"end":{"line":1,"column":44}},"1":{"start":{"line":2,"column":0},"end":{"line":2,"column":74}},"2":{"start":{"line":4,"column":0},"end":{"line":4,"column":13}},"3":{"start":{"line":6,"column":2},"end":{"line":6,"column":null}},"4":{"start":{"line":10,"column":2},"end":{"line":10,"column":null}},"5":{"start":{"line":14,"column":2},"end":{"line":14,"column":null}}},"fnMap":{},"branchMap":{},"s":{"0":0,"1":0,"2":0,"3":0,"4":0,"5":0},"f":{},"b":{}}
}
