TN:
SF:src/app.controller.ts
FN:6,(anonymous_2)
FNF:1
FNH:0
FNDA:0,(anonymous_2)
DA:1,0
DA:4,0
DA:6,0
DA:7,0
LF:4
LH:0
BRF:0
BRH:0
end_of_record
TN:
SF:src/app.module.ts
FNF:0
FNH:0
DA:1,0
DA:2,0
DA:3,0
DA:4,0
DA:5,0
DA:6,0
DA:7,0
DA:8,0
DA:9,0
DA:10,0
DA:11,0
DA:12,0
DA:13,0
DA:14,0
DA:15,0
DA:16,0
DA:17,0
DA:18,0
DA:40,0
LF:19
LH:0
BRF:0
BRH:0
end_of_record
TN:
SF:src/main.ts
FN:7,bootstrap
FNF:1
FNH:0
FNDA:0,bootstrap
DA:1,0
DA:2,0
DA:3,0
DA:4,0
DA:5,0
DA:8,0
DA:9,0
DA:10,0
DA:11,0
DA:12,0
DA:14,0
DA:17,0
LF:12
LH:0
BRDA:11,0,0,0
BRDA:11,0,1,0
BRF:2
BRH:0
end_of_record
TN:
SF:src/alerts/alerts.controller.ts
FN:22,(anonymous_4)
FN:26,(anonymous_5)
FN:33,(anonymous_6)
FN:40,(anonymous_7)
FNF:4
FNH:0
FNDA:0,(anonymous_4)
FNDA:0,(anonymous_5)
FNDA:0,(anonymous_6)
FNDA:0,(anonymous_7)
DA:1,0
DA:12,0
DA:13,0
DA:14,0
DA:15,0
DA:17,0
DA:18,0
DA:21,0
DA:22,0
DA:26,0
DA:27,0
DA:33,0
DA:34,0
DA:40,0
DA:44,0
LF:15
LH:0
BRF:0
BRH:0
end_of_record
TN:
SF:src/alerts/alerts.module.ts
FNF:0
FNH:0
DA:1,0
DA:2,0
DA:3,0
DA:12,0
LF:4
LH:0
BRF:0
BRH:0
end_of_record
TN:
SF:src/alerts/alerts.service.ts
FN:19,(anonymous_2)
FN:26,(anonymous_3)
FN:41,(anonymous_4)
FN:49,(anonymous_5)
FN:59,(anonymous_6)
FN:81,(anonymous_7)
FN:87,(anonymous_8)
FNF:7
FNH:6
FNDA:3,(anonymous_2)
FNDA:2,(anonymous_3)
FNDA:0,(anonymous_4)
FNDA:1,(anonymous_5)
FNDA:1,(anonymous_6)
FNDA:2,(anonymous_7)
FNDA:2,(anonymous_8)
DA:1,3
DA:3,3
DA:4,3
DA:5,3
DA:18,3
DA:20,3
DA:21,3
DA:22,3
DA:27,2
DA:37,2
DA:38,2
DA:42,0
DA:50,1
DA:51,1
DA:52,0
DA:64,1
DA:72,1
DA:78,1
DA:82,2
DA:86,2
DA:88,2
LF:21
LH:19
BRDA:30,0,0,2
BRDA:30,0,1,1
BRDA:41,1,0,0
BRDA:43,2,0,0
BRDA:43,2,1,0
BRDA:51,3,0,1
BRDA:69,4,0,1
BRDA:69,4,1,1
BRDA:69,4,2,0
BRDA:88,5,0,2
BRDA:88,5,1,0
BRF:11
BRH:6
end_of_record
TN:
SF:src/alerts/dto/request-unblock.dto.ts
FNF:0
FNH:0
DA:1,0
DA:3,0
DA:6,0
DA:10,0
LF:4
LH:0
BRF:0
BRH:0
end_of_record
TN:
SF:src/audit/audit.module.ts
FNF:0
FNH:0
DA:1,0
DA:2,0
DA:9,0
LF:3
LH:0
BRF:0
BRH:0
end_of_record
TN:
SF:src/audit/audit.service.ts
FN:15,(anonymous_2)
FN:17,(anonymous_3)
FNF:2
FNH:0
FNDA:0,(anonymous_2)
FNDA:0,(anonymous_3)
DA:1,9
DA:3,9
DA:14,9
DA:15,0
DA:18,0
LF:5
LH:3
BRDA:20,0,0,0
BRDA:20,0,1,0
BRF:2
BRH:0
end_of_record
TN:
SF:src/auth/auth.controller.ts
FN:21,(anonymous_4)
FN:24,(anonymous_5)
FN:30,(anonymous_6)
FN:36,(anonymous_7)
FN:43,(anonymous_8)
FN:50,(anonymous_9)
FNF:6
FNH:0
FNDA:0,(anonymous_4)
FNDA:0,(anonymous_5)
FNDA:0,(anonymous_6)
FNDA:0,(anonymous_7)
FNDA:0,(anonymous_8)
FNDA:0,(anonymous_9)
DA:1,0
DA:10,0
DA:11,0
DA:13,0
DA:14,0
DA:15,0
DA:16,0
DA:17,0
DA:20,0
DA:21,0
DA:24,0
DA:25,0
DA:30,0
DA:31,0
DA:36,0
DA:37,0
DA:43,0
DA:44,0
DA:50,0
DA:54,0
LF:20
LH:0
BRF:0
BRH:0
end_of_record
TN:
SF:src/auth/auth.module.ts
FNF:0
FNH:0
DA:1,0
DA:2,0
DA:3,0
DA:4,0
DA:5,0
DA:6,0
DA:7,0
DA:20,0
LF:8
LH:0
BRF:0
BRH:0
end_of_record
TN:
SF:src/auth/auth.service.ts
FN:24,(anonymous_11)
FN:29,(anonymous_12)
FN:46,(anonymous_13)
FN:58,(anonymous_14)
FN:79,(anonymous_15)
FN:87,(anonymous_16)
FN:95,(anonymous_17)
FNF:7
FNH:6
FNDA:11,(anonymous_11)
FNDA:2,(anonymous_12)
FNDA:3,(anonymous_13)
FNDA:5,(anonymous_14)
FNDA:1,(anonymous_15)
FNDA:0,(anonymous_16)
FNDA:3,(anonymous_17)
DA:1,1
DA:6,1
DA:7,1
DA:8,1
DA:9,1
DA:14,1
DA:23,1
DA:25,11
DA:26,11
DA:30,2
DA:33,2
DA:35,1
DA:36,1
DA:43,1
DA:47,3
DA:50,3
DA:52,2
DA:53,2
DA:55,1
DA:60,5
DA:61,5
DA:63,1
DA:65,4
DA:66,1
DA:69,3
DA:70,3
DA:71,1
DA:73,2
DA:74,1
DA:76,1
DA:80,1
DA:88,0
DA:101,3
DA:106,3
DA:107,3
DA:111,3
LF:36
LH:35
BRDA:33,0,0,1
BRDA:40,1,0,1
BRDA:40,1,1,1
BRDA:50,2,0,1
BRDA:53,3,0,1
BRDA:65,4,0,1
BRDA:70,5,0,1
BRDA:70,6,0,3
BRDA:70,6,1,3
BRDA:73,7,0,1
BRF:10
BRH:10
end_of_record
TN:
SF:src/auth/token.service.ts
FN:13,(anonymous_2)
FN:23,(anonymous_3)
FN:30,(anonymous_4)
FN:37,(anonymous_5)
FN:44,(anonymous_6)
FNF:5
FNH:5
FNDA:4,(anonymous_2)
FNDA:2,(anonymous_3)
FNDA:1,(anonymous_4)
FNDA:1,(anonymous_5)
FNDA:4,(anonymous_6)
DA:1,12
DA:2,12
DA:3,12
DA:7,12
DA:14,4
DA:17,4
DA:18,4
DA:19,4
DA:20,4
DA:24,2
DA:31,1
DA:38,1
DA:45,4
LF:13
LH:13
BRDA:17,0,0,4
BRDA:17,0,1,0
BRDA:18,1,0,4
BRDA:18,1,1,0
BRDA:19,2,0,4
BRDA:19,2,1,0
BRDA:20,3,0,4
BRDA:20,3,1,0
BRF:8
BRH:4
end_of_record
TN:
SF:src/auth/dto/fcm-token.dto.ts
FNF:0
FNH:0
DA:1,0
DA:3,0
DA:6,0
LF:3
LH:0
BRF:0
BRH:0
end_of_record
TN:
SF:src/auth/dto/login.dto.ts
FNF:0
FNH:0
DA:1,0
DA:3,0
DA:5,0
DA:8,0
LF:4
LH:0
BRF:0
BRH:0
end_of_record
TN:
SF:src/auth/dto/refresh.dto.ts
FNF:0
FNH:0
DA:1,0
DA:3,0
DA:6,0
LF:3
LH:0
BRF:0
BRH:0
end_of_record
TN:
SF:src/auth/dto/register.dto.ts
FNF:0
FNH:0
DA:1,0
DA:3,0
DA:5,0
DA:9,0
DA:13,0
LF:5
LH:0
BRF:0
BRH:0
end_of_record
TN:
SF:src/commands/commands.controller.ts
FN:22,(anonymous_4)
FN:28,(anonymous_5)
FN:38,(anonymous_6)
FN:46,(anonymous_7)
FN:53,(anonymous_8)
FN:60,(anonymous_9)
FN:72,(anonymous_10)
FNF:7
FNH:0
FNDA:0,(anonymous_4)
FNDA:0,(anonymous_5)
FNDA:0,(anonymous_6)
FNDA:0,(anonymous_7)
FNDA:0,(anonymous_8)
FNDA:0,(anonymous_9)
FNDA:0,(anonymous_10)
DA:1,0
DA:11,0
DA:12,0
DA:13,0
DA:14,0
DA:16,0
DA:17,0
DA:18,0
DA:21,0
DA:22,0
DA:28,0
DA:33,0
DA:38,0
DA:39,0
DA:46,0
DA:47,0
DA:53,0
DA:54,0
DA:60,0
DA:65,0
DA:72,0
DA:73,0
LF:22
LH:0
BRF:0
BRH:0
end_of_record
TN:
SF:src/commands/commands.module.ts
FNF:0
FNH:0
DA:1,0
DA:2,0
DA:3,0
DA:4,0
DA:12,0
LF:5
LH:0
BRF:0
BRH:0
end_of_record
TN:
SF:src/commands/commands.service.ts
FN:29,(anonymous_2)
FN:39,(anonymous_3)
FN:84,(anonymous_4)
FN:96,(anonymous_5)
FN:105,(anonymous_6)
FN:113,(anonymous_7)
FN:124,(anonymous_8)
FN:143,(anonymous_9)
FN:154,(anonymous_10)
FNF:9
FNH:8
FNDA:10,(anonymous_2)
FNDA:3,(anonymous_3)
FNDA:0,(anonymous_4)
FNDA:1,(anonymous_5)
FNDA:1,(anonymous_6)
FNDA:3,(anonymous_7)
FNDA:2,(anonymous_8)
FNDA:1,(anonymous_9)
FNDA:5,(anonymous_10)
DA:1,2
DA:2,2
DA:3,2
DA:4,2
DA:5,2
DA:6,2
DA:7,2
DA:8,2
DA:13,2
DA:26,2
DA:30,10
DA:31,10
DA:32,10
DA:33,10
DA:36,10
DA:44,3
DA:45,3
DA:47,3
DA:50,3
DA:52,2
DA:63,2
DA:71,2
DA:75,2
DA:81,2
DA:88,0
DA:89,0
DA:97,1
DA:100,1
DA:101,0
DA:106,1
DA:107,1
DA:114,3
DA:115,2
DA:116,1
DA:121,1
DA:129,2
DA:130,2
DA:131,0
DA:133,2
DA:144,1
DA:158,5
DA:161,5
DA:162,4
LF:43
LH:39
BRDA:36,0,0,10
BRDA:36,0,1,0
BRDA:45,1,0,3
BRDA:45,1,1,2
BRDA:50,2,0,1
BRDA:56,3,0,2
BRDA:56,3,1,2
BRDA:63,4,0,1
BRDA:63,4,1,1
BRDA:73,5,0,1
BRDA:73,5,1,1
BRDA:100,6,0,1
BRDA:115,7,0,1
BRDA:115,8,0,2
BRDA:115,8,1,2
BRDA:130,9,0,0
BRDA:130,10,0,2
BRDA:130,10,1,2
BRDA:136,11,0,1
BRDA:136,11,1,1
BRDA:137,12,0,2
BRDA:137,12,1,1
BRDA:138,13,0,2
BRDA:138,13,1,1
BRDA:161,14,0,1
BRF:25
BRH:23
end_of_record
TN:
SF:src/commands/dto/command-result.dto.ts
FNF:0
FNH:0
DA:1,0
DA:3,0
DA:6,0
DA:10,0
LF:4
LH:0
BRF:0
BRH:0
end_of_record
TN:
SF:src/commands/dto/create-command.dto.ts
FNF:0
FNH:0
DA:1,0
DA:2,0
DA:4,0
DA:6,0
DA:10,0
DA:15,0
LF:6
LH:0
BRF:0
BRH:0
end_of_record
TN:
SF:src/common/hash.util.ts
FN:5,sha256
FN:10,safeEqual
FN:17,randomToken
FN:22,pairingCode
FN:24,(anonymous_4)
FN:25,(anonymous_5)
FNF:6
FNH:6
FNDA:21,sha256
FNDA:7,safeEqual
FNDA:6,randomToken
FNDA:51,pairingCode
FNDA:102,(anonymous_4)
FNDA:408,(anonymous_5)
DA:1,10
DA:5,10
DA:6,21
DA:10,10
DA:11,7
DA:12,7
DA:13,7
DA:17,10
DA:18,6
DA:22,10
DA:23,51
DA:24,51
DA:25,408
DA:26,51
LF:14
LH:14
BRDA:13,0,0,7
BRDA:13,0,1,6
BRDA:17,1,0,6
BRF:3
BRH:3
end_of_record
TN:
SF:src/common/decorators/current-device.decorator.ts
FN:5,(anonymous_0)
FNF:1
FNH:0
FNDA:0,(anonymous_0)
DA:1,0
DA:4,0
DA:6,0
DA:7,0
LF:4
LH:0
BRF:0
BRH:0
end_of_record
TN:
SF:src/common/decorators/current-user.decorator.ts
FN:5,(anonymous_0)
FNF:1
FNH:0
FNDA:0,(anonymous_0)
DA:1,0
DA:4,0
DA:6,0
DA:7,0
LF:4
LH:0
BRF:0
BRH:0
end_of_record
TN:
SF:src/common/guards/device-auth.guard.ts
FN:9,extractBearer
FN:19,(anonymous_3)
FN:21,(anonymous_4)
FNF:3
FNH:3
FNDA:3,extractBearer
FNDA:3,(anonymous_3)
FNDA:3,(anonymous_4)
DA:1,1
DA:7,1
DA:10,3
DA:11,3
DA:12,2
DA:13,2
DA:18,1
DA:19,3
DA:22,3
DA:23,3
DA:24,3
DA:27,2
DA:28,2
DA:30,0
DA:32,2
DA:33,1
DA:35,1
DA:36,1
LF:18
LH:17
BRDA:11,0,0,1
BRDA:13,1,0,2
BRDA:13,1,1,0
BRDA:13,2,0,2
BRDA:13,2,1,2
BRDA:24,3,0,1
BRDA:32,4,0,1
BRF:7
BRH:6
end_of_record
TN:
SF:src/common/guards/jwt-auth.guard.ts
FN:9,extractBearer
FN:19,(anonymous_3)
FN:21,(anonymous_4)
FNF:3
FNH:3
FNDA:5,extractBearer
FNDA:5,(anonymous_3)
FNDA:5,(anonymous_4)
DA:1,1
DA:7,1
DA:10,5
DA:11,5
DA:12,4
DA:13,4
DA:18,1
DA:19,5
DA:22,5
DA:23,5
DA:24,5
DA:27,3
DA:28,3
DA:30,1
DA:32,2
DA:33,1
DA:35,1
DA:36,1
LF:18
LH:18
BRDA:11,0,0,1
BRDA:13,1,0,3
BRDA:13,1,1,1
BRDA:13,2,0,4
BRDA:13,2,1,3
BRDA:24,3,0,2
BRDA:32,4,0,1
BRF:7
BRH:7
end_of_record
TN:
SF:src/config/configuration.ts
FN:1,(anonymous_0)
FNF:1
FNH:0
FNDA:0,(anonymous_0)
DA:1,0
LF:1
LH:0
BRDA:2,0,0,0
BRDA:2,0,1,0
BRDA:3,1,0,0
BRDA:3,1,1,0
BRDA:5,2,0,0
BRDA:5,2,1,0
BRDA:7,3,0,0
BRDA:7,3,1,0
BRDA:8,4,0,0
BRDA:8,4,1,0
BRDA:9,5,0,0
BRDA:9,5,1,0
BRDA:10,6,0,0
BRDA:10,6,1,0
BRDA:13,7,0,0
BRDA:13,7,1,0
BRDA:14,8,0,0
BRDA:14,8,1,0
BRDA:17,9,0,0
BRDA:17,9,1,0
BRDA:20,10,0,0
BRDA:20,10,1,0
BRF:22
BRH:0
end_of_record
TN:
SF:src/devices/devices.controller.ts
FN:25,(anonymous_4)
FN:31,(anonymous_5)
FN:37,(anonymous_6)
FN:43,(anonymous_7)
FN:51,(anonymous_8)
FN:57,(anonymous_9)
FN:63,(anonymous_10)
FN:74,(anonymous_11)
FNF:8
FNH:0
FNDA:0,(anonymous_4)
FNDA:0,(anonymous_5)
FNDA:0,(anonymous_6)
FNDA:0,(anonymous_7)
FNDA:0,(anonymous_8)
FNDA:0,(anonymous_9)
FNDA:0,(anonymous_10)
FNDA:0,(anonymous_11)
DA:1,0
DA:13,0
DA:14,0
DA:15,0
DA:16,0
DA:18,0
DA:19,0
DA:20,0
DA:21,0
DA:24,0
DA:25,0
DA:31,0
DA:32,0
DA:37,0
DA:38,0
DA:43,0
DA:44,0
DA:51,0
DA:52,0
DA:57,0
DA:58,0
DA:63,0
DA:68,0
DA:74,0
DA:75,0
LF:25
LH:0
BRF:0
BRH:0
end_of_record
TN:
SF:src/devices/devices.module.ts
FNF:0
FNH:0
DA:1,0
DA:2,0
DA:3,0
DA:10,0
LF:4
LH:0
BRF:0
BRH:0
end_of_record
TN:
SF:src/devices/devices.service.ts
FN:24,(anonymous_2)
FN:31,(anonymous_3)
FN:53,(anonymous_4)
FN:60,(anonymous_5)
FN:68,(anonymous_6)
FN:73,(anonymous_7)
FN:84,(anonymous_8)
FN:92,(anonymous_9)
FN:106,(anonymous_10)
FNF:9
FNH:7
FNDA:7,(anonymous_2)
FNDA:1,(anonymous_3)
FNDA:1,(anonymous_4)
FNDA:3,(anonymous_5)
FNDA:1,(anonymous_6)
FNDA:1,(anonymous_7)
FNDA:0,(anonymous_8)
FNDA:0,(anonymous_9)
FNDA:2,(anonymous_10)
DA:1,8
DA:7,8
DA:8,8
DA:9,8
DA:10,8
DA:23,8
DA:25,7
DA:26,7
DA:27,7
DA:35,1
DA:36,1
DA:50,1
DA:54,1
DA:61,3
DA:64,3
DA:65,2
DA:69,1
DA:70,1
DA:74,1
DA:75,1
DA:76,1
DA:85,0
DA:88,0
DA:89,0
DA:93,0
DA:110,2
DA:113,2
DA:114,1
DA:116,1
DA:117,1
LF:30
LH:26
BRDA:39,0,0,1
BRDA:39,0,1,1
BRDA:39,0,2,0
BRDA:64,1,0,1
BRDA:88,2,0,0
BRDA:113,3,0,1
BRDA:113,4,0,2
BRDA:113,4,1,2
BRF:8
BRH:6
end_of_record
TN:
SF:src/devices/dto/device-self-update.dto.ts
FNF:0
FNH:0
DA:1,0
DA:3,0
DA:8,0
DA:12,0
DA:16,0
DA:20,0
LF:6
LH:0
BRF:0
BRH:0
end_of_record
TN:
SF:src/devices/dto/device-token.dto.ts
FNF:0
FNH:0
DA:1,0
DA:3,0
DA:6,0
DA:10,0
LF:4
LH:0
BRF:0
BRH:0
end_of_record
TN:
SF:src/devices/dto/update-device.dto.ts
FNF:0
FNH:0
DA:1,0
DA:3,0
DA:6,0
LF:3
LH:0
BRF:0
BRH:0
end_of_record
TN:
SF:src/events/events.controller.ts
FN:20,(anonymous_4)
FN:24,(anonymous_5)
FN:30,(anonymous_6)
FNF:3
FNH:0
FNDA:0,(anonymous_4)
FNDA:0,(anonymous_5)
FNDA:0,(anonymous_6)
DA:1,0
DA:10,0
DA:11,0
DA:12,0
DA:13,0
DA:15,0
DA:16,0
DA:19,0
DA:20,0
DA:24,0
DA:25,0
DA:30,0
DA:35,0
LF:13
LH:0
BRDA:38,0,0,0
BRDA:38,0,1,0
BRF:2
BRH:0
end_of_record
TN:
SF:src/events/events.module.ts
FNF:0
FNH:0
DA:1,0
DA:2,0
DA:3,0
DA:4,0
DA:11,0
LF:5
LH:0
BRF:0
BRH:0
end_of_record
TN:
SF:src/events/events.service.ts
FN:9,(anonymous_2)
FN:15,(anonymous_3)
FN:21,(anonymous_4)
FN:30,(anonymous_5)
FN:34,(anonymous_6)
FNF:5
FNH:4
FNDA:3,(anonymous_2)
FNDA:2,(anonymous_3)
FNDA:2,(anonymous_4)
FNDA:0,(anonymous_5)
FNDA:1,(anonymous_6)
DA:1,1
DA:3,1
DA:4,1
DA:8,1
DA:10,3
DA:11,3
DA:19,2
DA:20,1
DA:21,2
DA:28,1
DA:30,0
DA:31,1
DA:39,1
DA:40,1
LF:14
LH:13
BRDA:19,0,0,1
BRDA:37,1,0,1
BRF:2
BRH:2
end_of_record
TN:
SF:src/events/dto/ingest-events.dto.ts
FN:27,(anonymous_2)
FNF:1
FNH:0
FNDA:0,(anonymous_2)
DA:1,0
DA:2,0
DA:3,0
DA:12,0
DA:14,0
DA:17,0
DA:20,0
DA:23,0
DA:27,0
DA:28,0
LF:10
LH:0
BRF:0
BRH:0
end_of_record
TN:
SF:src/fcm/fcm.module.ts
FNF:0
FNH:0
DA:1,0
DA:2,0
DA:9,0
LF:3
LH:0
BRF:0
BRH:0
end_of_record
TN:
SF:src/fcm/fcm.service.ts
FN:19,(anonymous_11)
FN:21,(anonymous_12)
FN:39,(anonymous_13)
FN:44,(anonymous_14)
FNF:4
FNH:0
FNDA:0,(anonymous_11)
FNDA:0,(anonymous_12)
FNDA:0,(anonymous_13)
FNDA:0,(anonymous_14)
DA:1,5
DA:2,5
DA:3,5
DA:4,5
DA:15,5
DA:16,0
DA:17,0
DA:19,0
DA:22,0
DA:23,0
DA:24,0
DA:25,0
DA:27,0
DA:28,0
DA:29,0
DA:33,0
DA:35,0
DA:40,0
DA:49,0
DA:50,0
DA:51,0
DA:53,0
DA:54,0
DA:59,0
DA:61,0
DA:62,0
LF:26
LH:5
BRDA:23,0,0,0
BRDA:47,1,0,0
BRDA:49,2,0,0
BRDA:57,3,0,0
BRDA:57,3,1,0
BRF:5
BRH:0
end_of_record
TN:
SF:src/heartbeat/heartbeat.controller.ts
FN:17,(anonymous_4)
FN:22,(anonymous_5)
FNF:2
FNH:0
FNDA:0,(anonymous_4)
FNDA:0,(anonymous_5)
DA:1,0
DA:9,0
DA:10,0
DA:12,0
DA:13,0
DA:16,0
DA:17,0
DA:22,0
DA:23,0
LF:9
LH:0
BRF:0
BRH:0
end_of_record
TN:
SF:src/heartbeat/heartbeat.module.ts
FNF:0
FNH:0
DA:1,0
DA:2,0
DA:3,0
DA:4,0
DA:11,0
LF:5
LH:0
BRF:0
BRH:0
end_of_record
TN:
SF:src/heartbeat/heartbeat.service.ts
FN:19,(anonymous_2)
FN:31,(anonymous_3)
FN:33,(anonymous_4)
FN:34,(anonymous_5)
FN:38,(anonymous_6)
FN:43,(anonymous_7)
FN:73,(anonymous_8)
FNF:7
FNH:3
FNDA:3,(anonymous_2)
FNDA:0,(anonymous_3)
FNDA:0,(anonymous_4)
FNDA:0,(anonymous_5)
FNDA:0,(anonymous_6)
FNDA:2,(anonymous_7)
FNDA:1,(anonymous_8)
DA:1,1
DA:7,1
DA:8,1
DA:9,1
DA:10,1
DA:13,1
DA:14,3
DA:20,3
DA:21,3
DA:22,3
DA:25,3
DA:26,3
DA:27,3
DA:28,3
DA:32,0
DA:33,0
DA:34,0
DA:39,0
DA:48,2
DA:49,2
DA:52,2
DA:54,2
DA:55,2
DA:63,2
DA:64,1
DA:74,1
DA:75,1
DA:78,1
DA:79,1
DA:83,1
DA:85,1
LF:31
LH:27
BRDA:25,0,0,3
BRDA:25,0,1,0
BRDA:26,1,0,3
BRDA:26,1,1,0
BRDA:32,2,0,0
BRDA:39,3,0,0
BRDA:59,4,0,2
BRDA:59,4,1,1
BRDA:63,5,0,1
BRF:9
BRH:5
end_of_record
TN:
SF:src/heartbeat/dto/heartbeat.dto.ts
FNF:0
FNH:0
DA:1,0
DA:3,0
DA:8,0
LF:3
LH:0
BRF:0
BRH:0
end_of_record
TN:
SF:src/locations/locations.controller.ts
FN:22,(anonymous_4)
FN:27,(anonymous_5)
FN:34,(anonymous_6)
FN:40,(anonymous_7)
FNF:4
FNH:0
FNDA:0,(anonymous_4)
FNDA:0,(anonymous_5)
FNDA:0,(anonymous_6)
FNDA:0,(anonymous_7)
DA:1,0
DA:12,0
DA:13,0
DA:14,0
DA:15,0
DA:17,0
DA:18,0
DA:21,0
DA:22,0
DA:27,0
DA:28,0
DA:34,0
DA:35,0
DA:40,0
DA:45,0
LF:15
LH:0
BRDA:48,0,0,0
BRDA:48,0,1,0
BRF:2
BRH:0
end_of_record
TN:
SF:src/locations/locations.module.ts
FNF:0
FNH:0
DA:1,0
DA:2,0
DA:3,0
DA:4,0
DA:11,0
LF:5
LH:0
BRF:0
BRH:0
end_of_record
TN:
SF:src/locations/locations.service.ts
FN:9,(anonymous_2)
FN:14,(anonymous_3)
FN:26,(anonymous_4)
FN:30,(anonymous_5)
FN:38,(anonymous_6)
FNF:5
FNH:4
FNDA:3,(anonymous_2)
FNDA:1,(anonymous_3)
FNDA:0,(anonymous_4)
FNDA:1,(anonymous_5)
FNDA:1,(anonymous_6)
DA:1,1
DA:3,1
DA:4,1
DA:8,1
DA:10,3
DA:11,3
DA:15,1
DA:24,1
DA:26,0
DA:27,1
DA:31,1
DA:32,1
DA:43,1
DA:44,1
LF:14
LH:13
BRDA:21,0,0,0
BRDA:21,0,1,1
BRDA:41,1,0,1
BRF:3
BRH:2
end_of_record
TN:
SF:src/locations/dto/report-location.dto.ts
FNF:0
FNH:0
DA:1,0
DA:3,0
DA:7,0
DA:12,0
DA:16,0
DA:20,0
LF:6
LH:0
BRF:0
BRH:0
end_of_record
TN:
SF:src/pairing/pairing.controller.ts
FN:20,(anonymous_4)
FN:24,(anonymous_5)
FN:31,(anonymous_6)
FN:37,(anonymous_7)
FNF:4
FNH:0
FNDA:0,(anonymous_4)
FNDA:0,(anonymous_5)
FNDA:0,(anonymous_6)
FNDA:0,(anonymous_7)
DA:1,0
DA:11,0
DA:12,0
DA:14,0
DA:15,0
DA:16,0
DA:19,0
DA:20,0
DA:24,0
DA:25,0
DA:31,0
DA:32,0
DA:37,0
DA:38,0
LF:14
LH:0
BRF:0
BRH:0
end_of_record
TN:
SF:src/pairing/pairing.module.ts
FNF:0
FNH:0
DA:1,0
DA:2,0
DA:3,0
DA:4,0
DA:11,0
LF:5
LH:0
BRF:0
BRH:0
end_of_record
TN:
SF:src/pairing/pairing.service.ts
FN:31,(anonymous_2)
FN:39,(anonymous_3)
FN:59,(anonymous_4)
FN:96,(anonymous_5)
FNF:4
FNH:4
FNDA:6,(anonymous_2)
FNDA:1,(anonymous_3)
FNDA:4,(anonymous_4)
FNDA:1,(anonymous_5)
DA:1,1
DA:6,1
DA:7,1
DA:8,1
DA:9,1
DA:10,1
DA:14,1
DA:30,1
DA:32,6
DA:33,6
DA:34,6
DA:35,6
DA:40,1
DA:50,1
DA:60,4
DA:63,4
DA:64,3
DA:65,1
DA:67,2
DA:68,1
DA:72,1
DA:75,1
DA:79,1
DA:81,1
DA:85,1
DA:92,1
DA:97,1
DA:100,1
DA:101,0
LF:29
LH:28
BRDA:63,0,0,1
BRDA:64,1,0,1
BRDA:67,2,0,1
BRDA:77,3,0,1
BRDA:77,3,1,1
BRDA:77,3,2,1
BRDA:89,4,0,1
BRDA:89,4,1,0
BRDA:100,5,0,1
BRF:9
BRH:8
end_of_record
TN:
SF:src/pairing/dto/claim-pairing.dto.ts
FNF:0
FNH:0
DA:1,0
DA:3,0
DA:7,0
DA:11,0
DA:15,0
DA:19,0
DA:23,0
DA:27,0
DA:31,0
LF:9
LH:0
BRF:0
BRH:0
end_of_record
TN:
SF:src/pairing/dto/create-pairing.dto.ts
FNF:0
FNH:0
DA:1,0
DA:3,0
DA:6,0
LF:3
LH:0
BRF:0
BRH:0
end_of_record
TN:
SF:src/policies/policies.controller.ts
FN:11,(anonymous_4)
FN:14,(anonymous_5)
FN:19,(anonymous_6)
FN:24,(anonymous_7)
FNF:4
FNH:0
FNDA:0,(anonymous_4)
FNDA:0,(anonymous_5)
FNDA:0,(anonymous_6)
FNDA:0,(anonymous_7)
DA:1,0
DA:2,0
DA:3,0
DA:5,0
DA:6,0
DA:10,0
DA:11,0
DA:14,0
DA:15,0
DA:19,0
DA:20,0
DA:24,0
DA:25,0
LF:13
LH:0
BRF:0
BRH:0
end_of_record
TN:
SF:src/policies/policies.module.ts
FNF:0
FNH:0
DA:1,0
DA:2,0
DA:3,0
DA:4,0
DA:11,0
LF:5
LH:0
BRF:0
BRH:0
end_of_record
TN:
SF:src/policies/policies.service.ts
FN:9,(anonymous_2)
FN:15,(anonymous_3)
FN:22,(anonymous_4)
FN:31,(anonymous_5)
FN:66,(anonymous_6)
FN:72,(anonymous_7)
FN:78,(anonymous_8)
FNF:7
FNH:5
FNDA:3,(anonymous_2)
FNDA:1,(anonymous_3)
FNDA:0,(anonymous_4)
FNDA:2,(anonymous_5)
FNDA:2,(anonymous_6)
FNDA:2,(anonymous_7)
FNDA:0,(anonymous_8)
DA:1,1
DA:2,1
DA:3,1
DA:4,1
DA:5,1
DA:8,1
DA:10,3
DA:11,3
DA:12,3
DA:16,1
DA:23,0
DA:35,2
DA:39,2
DA:43,2
DA:47,2
DA:56,2
DA:57,2
DA:63,2
DA:67,2
DA:71,2
DA:73,2
DA:78,0
LF:22
LH:20
BRDA:39,0,0,2
BRDA:39,0,1,1
BRF:2
BRH:2
end_of_record
TN:
SF:src/policies/dto/update-policy.dto.ts
FNF:0
FNH:0
DA:1,0
DA:13,0
DA:15,0
LF:3
LH:0
BRF:0
BRH:0
end_of_record
TN:
SF:src/prisma/prisma.module.ts
FNF:0
FNH:0
DA:1,0
DA:2,0
DA:9,0
LF:3
LH:0
BRF:0
BRH:0
end_of_record
TN:
SF:src/prisma/prisma.service.ts
FN:6,(anonymous_1)
FNF:1
FNH:0
FNDA:0,(anonymous_1)
DA:1,10
DA:2,10
DA:5,10
DA:7,0
LF:4
LH:3
BRF:0
BRH:0
end_of_record
TN:
SF:src/redis/redis.module.ts
FNF:0
FNH:0
DA:1,0
DA:2,0
DA:9,0
LF:3
LH:0
BRF:0
BRH:0
end_of_record
TN:
SF:src/redis/redis.service.ts
FN:5,(anonymous_3)
FN:17,(anonymous_4)
FN:19,(anonymous_5)
FN:24,(anonymous_6)
FN:28,(anonymous_7)
FN:32,(anonymous_8)
FN:36,(anonymous_9)
FN:40,(anonymous_10)
FN:48,(anonymous_11)
FN:52,(anonymous_12)
FNF:10
FNH:0
FNDA:0,(anonymous_3)
FNDA:0,(anonymous_4)
FNDA:0,(anonymous_5)
FNDA:0,(anonymous_6)
FNDA:0,(anonymous_7)
FNDA:0,(anonymous_8)
FNDA:0,(anonymous_9)
FNDA:0,(anonymous_10)
FNDA:0,(anonymous_11)
FNDA:0,(anonymous_12)
DA:1,1
DA:2,1
DA:3,1
DA:5,1
DA:14,1
DA:17,0
DA:20,0
DA:21,0
DA:25,0
DA:29,0
DA:33,0
DA:37,0
DA:41,0
DA:42,0
DA:44,0
DA:49,0
DA:53,0
LF:17
LH:5
BRDA:20,0,0,0
BRDA:20,0,1,0
BRDA:41,1,0,0
BRDA:41,1,1,0
BRF:4
BRH:0
end_of_record
TN:
SF:src/tamper/tamper.controller.ts
FN:22,(anonymous_4)
FN:27,(anonymous_5)
FN:33,(anonymous_6)
FNF:3
FNH:0
FNDA:0,(anonymous_4)
FNDA:0,(anonymous_5)
FNDA:0,(anonymous_6)
DA:1,0
DA:12,0
DA:13,0
DA:14,0
DA:15,0
DA:17,0
DA:18,0
DA:21,0
DA:22,0
DA:27,0
DA:28,0
DA:33,0
DA:38,0
LF:13
LH:0
BRDA:41,0,0,0
BRDA:41,0,1,0
BRF:2
BRH:0
end_of_record
TN:
SF:src/tamper/tamper.module.ts
FNF:0
FNH:0
DA:1,0
DA:2,0
DA:3,0
DA:4,0
DA:12,0
LF:5
LH:0
BRF:0
BRH:0
end_of_record
TN:
SF:src/tamper/tamper.service.ts
FN:22,(anonymous_2)
FN:34,(anonymous_3)
FN:62,(anonymous_4)
FN:76,(anonymous_5)
FNF:4
FNH:3
FNDA:4,(anonymous_2)
FNDA:3,(anonymous_3)
FNDA:0,(anonymous_4)
FNDA:1,(anonymous_5)
DA:1,2
DA:3,2
DA:4,2
DA:5,2
DA:6,2
DA:9,2
DA:21,2
DA:23,4
DA:24,4
DA:25,4
DA:26,4
DA:41,3
DA:44,3
DA:45,2
DA:46,2
DA:53,2
DA:59,3
DA:67,0
DA:81,1
DA:82,1
LF:20
LH:19
BRDA:42,0,0,3
BRDA:42,0,1,3
BRDA:44,1,0,2
BRDA:45,2,0,1
BRDA:45,2,1,1
BRDA:51,3,0,2
BRDA:51,3,1,1
BRDA:72,4,0,0
BRDA:72,4,1,0
BRDA:79,5,0,1
BRF:10
BRH:8
end_of_record
TN:
SF:src/tamper/dto/report-tamper.dto.ts
FNF:0
FNH:0
DA:1,0
DA:2,0
DA:4,0
DA:6,0
DA:10,0
DA:14,0
LF:6
LH:0
BRF:0
BRH:0
end_of_record
